{"/Users/zhangzheng/company/test-fe/dcs-fe/DCS-console/src/views/Account/AddInfo.vue": {"path":"/Users/zhangzheng/company/test-fe/dcs-fe/DCS-console/src/views/Account/AddInfo.vue","statementMap":{"0":{"start":{"line":136,"column":0},"end":{"line":136,"column":null}},"1":{"start":{"line":137,"column":0},"end":{"line":137,"column":null}},"2":{"start":{"line":138,"column":0},"end":{"line":138,"column":null}},"3":{"start":{"line":139,"column":0},"end":{"line":139,"column":null}},"4":{"start":{"line":140,"column":0},"end":{"line":140,"column":null}},"5":{"start":{"line":143,"column":0},"end":{"line":143,"column":null}},"6":{"start":{"line":164,"column":0},"end":{"line":164,"column":null}},"7":{"start":{"line":178,"column":0},"end":{"line":188,"column":null}},"8":{"start":{"line":179,"column":0},"end":{"line":187,"column":null}},"9":{"start":{"line":180,"column":0},"end":{"line":186,"column":null}},"10":{"start":{"line":181,"column":0},"end":{"line":181,"column":null}},"11":{"start":{"line":182,"column":0},"end":{"line":182,"column":null}},"12":{"start":{"line":183,"column":0},"end":{"line":183,"column":null}},"13":{"start":{"line":192,"column":0},"end":{"line":192,"column":null}},"14":{"start":{"line":195,"column":0},"end":{"line":195,"column":null}},"15":{"start":{"line":196,"column":0},"end":{"line":196,"column":null}}},"fnMap":{"0":{"name":"(anonymous_1)","decl":{"start":{"line":142,"column":0},"end":{"line":142,"column":null}},"loc":{"start":{"line":142,"column":0},"end":{"line":159,"column":null}}},"1":{"name":"(anonymous_2)","decl":{"start":{"line":163,"column":0},"end":{"line":163,"column":null}},"loc":{"start":{"line":163,"column":0},"end":{"line":189,"column":null}}},"2":{"name":"(anonymous_3)","decl":{"start":{"line":178,"column":0},"end":{"line":178,"column":null}},"loc":{"start":{"line":178,"column":0},"end":{"line":188,"column":null}}},"3":{"name":"(anonymous_4)","decl":{"start":{"line":191,"column":0},"end":{"line":191,"column":null}},"loc":{"start":{"line":191,"column":0},"end":{"line":193,"column":null}}},"4":{"name":"(anonymous_5)","decl":{"start":{"line":194,"column":0},"end":{"line":194,"column":null}},"loc":{"start":{"line":194,"column":0},"end":{"line":197,"column":null}}}},"branchMap":{"0":{"loc":{"start":{"line":173,"column":0},"end":{"line":173,"column":null}},"type":"cond-expr","locations":[{"start":{"line":173,"column":0},"end":{"line":173,"column":null}},{"start":{"line":173,"column":0},"end":{"line":173,"column":null}}]},"1":{"loc":{"start":{"line":179,"column":0},"end":{"line":187,"column":null}},"type":"if","locations":[{"start":{"line":179,"column":0},"end":{"line":187,"column":null}},{"start":{"line":179,"column":0},"end":{"line":187,"column":null}}]},"2":{"loc":{"start":{"line":196,"column":0},"end":{"line":196,"column":null}},"type":"cond-expr","locations":[{"start":{"line":196,"column":0},"end":{"line":196,"column":null}},{"start":{"line":196,"column":0},"end":{"line":196,"column":null}}]}},"s":{"0":0,"1":0,"2":0,"3":0,"4":0,"5":0,"6":0,"7":0,"8":0,"9":0,"10":0,"11":0,"12":0,"13":0,"14":0,"15":0},"f":{"0":0,"1":0,"2":0,"3":0,"4":0},"b":{"0":[0,0],"1":[0,0],"2":[0,0]}}
,"/Users/zhangzheng/company/test-fe/dcs-fe/DCS-console/src/views/Account/CompanyInfo.vue": {"path":"/Users/zhangzheng/company/test-fe/dcs-fe/DCS-console/src/views/Account/CompanyInfo.vue","statementMap":{"0":{"start":{"line":83,"column":0},"end":{"line":83,"column":null}},"1":{"start":{"line":84,"column":0},"end":{"line":84,"column":null}},"2":{"start":{"line":85,"column":0},"end":{"line":85,"column":null}},"3":{"start":{"line":86,"column":0},"end":{"line":86,"column":null}},"4":{"start":{"line":89,"column":0},"end":{"line":89,"column":null}},"5":{"start":{"line":103,"column":0},"end":{"line":112,"column":null}},"6":{"start":{"line":104,"column":0},"end":{"line":104,"column":null}},"7":{"start":{"line":113,"column":0},"end":{"line":113,"column":null}},"8":{"start":{"line":118,"column":0},"end":{"line":118,"column":null}},"9":{"start":{"line":126,"column":0},"end":{"line":147,"column":null}},"10":{"start":{"line":127,"column":0},"end":{"line":146,"column":null}},"11":{"start":{"line":128,"column":0},"end":{"line":128,"column":null}},"12":{"start":{"line":129,"column":0},"end":{"line":145,"column":null}},"13":{"start":{"line":130,"column":0},"end":{"line":130,"column":null}},"14":{"start":{"line":131,"column":0},"end":{"line":131,"column":null}},"15":{"start":{"line":135,"column":0},"end":{"line":141,"column":null}},"16":{"start":{"line":138,"column":0},"end":{"line":140,"column":null}},"17":{"start":{"line":139,"column":0},"end":{"line":139,"column":null}},"18":{"start":{"line":144,"column":0},"end":{"line":144,"column":null}},"19":{"start":{"line":150,"column":0},"end":{"line":150,"column":null}},"20":{"start":{"line":154,"column":0},"end":{"line":154,"column":null}},"21":{"start":{"line":155,"column":0},"end":{"line":155,"column":null}},"22":{"start":{"line":156,"column":0},"end":{"line":159,"column":null}},"23":{"start":{"line":157,"column":0},"end":{"line":157,"column":null}},"24":{"start":{"line":158,"column":0},"end":{"line":158,"column":null}},"25":{"start":{"line":160,"column":0},"end":{"line":165,"column":null}},"26":{"start":{"line":161,"column":0},"end":{"line":162,"column":null}},"27":{"start":{"line":164,"column":0},"end":{"line":164,"column":null}},"28":{"start":{"line":173,"column":0},"end":{"line":173,"column":null}},"29":{"start":{"line":176,"column":0},"end":{"line":176,"column":null}},"30":{"start":{"line":179,"column":0},"end":{"line":179,"column":null}},"31":{"start":{"line":182,"column":0},"end":{"line":182,"column":null}},"32":{"start":{"line":183,"column":0},"end":{"line":185,"column":null}},"33":{"start":{"line":184,"column":0},"end":{"line":184,"column":null}}},"fnMap":{"0":{"name":"(anonymous_1)","decl":{"start":{"line":88,"column":0},"end":{"line":88,"column":null}},"loc":{"start":{"line":88,"column":0},"end":{"line":100,"column":null}}},"1":{"name":"(anonymous_2)","decl":{"start":{"line":102,"column":0},"end":{"line":102,"column":null}},"loc":{"start":{"line":102,"column":0},"end":{"line":114,"column":null}}},"2":{"name":"(anonymous_3)","decl":{"start":{"line":117,"column":0},"end":{"line":117,"column":null}},"loc":{"start":{"line":117,"column":0},"end":{"line":148,"column":null}}},"3":{"name":"(anonymous_4)","decl":{"start":{"line":126,"column":0},"end":{"line":126,"column":null}},"loc":{"start":{"line":126,"column":0},"end":{"line":147,"column":null}}},"4":{"name":"(anonymous_5)","decl":{"start":{"line":135,"column":0},"end":{"line":135,"column":null}},"loc":{"start":{"line":135,"column":0},"end":{"line":141,"column":null}}},"5":{"name":"(anonymous_6)","decl":{"start":{"line":141,"column":0},"end":{"line":141,"column":null}},"loc":{"start":{"line":141,"column":0},"end":{"line":141,"column":null}}},"6":{"name":"(anonymous_7)","decl":{"start":{"line":149,"column":0},"end":{"line":149,"column":null}},"loc":{"start":{"line":149,"column":0},"end":{"line":151,"column":null}}},"7":{"name":"(anonymous_8)","decl":{"start":{"line":152,"column":0},"end":{"line":152,"column":null}},"loc":{"start":{"line":152,"column":0},"end":{"line":152,"column":null}}},"8":{"name":"(anonymous_9)","decl":{"start":{"line":153,"column":0},"end":{"line":153,"column":null}},"loc":{"start":{"line":153,"column":0},"end":{"line":166,"column":null}}},"9":{"name":"(anonymous_10)","decl":{"start":{"line":172,"column":0},"end":{"line":172,"column":null}},"loc":{"start":{"line":172,"column":0},"end":{"line":174,"column":null}}},"10":{"name":"(anonymous_11)","decl":{"start":{"line":175,"column":0},"end":{"line":175,"column":null}},"loc":{"start":{"line":175,"column":0},"end":{"line":177,"column":null}}},"11":{"name":"(anonymous_12)","decl":{"start":{"line":178,"column":0},"end":{"line":178,"column":null}},"loc":{"start":{"line":178,"column":0},"end":{"line":180,"column":null}}},"12":{"name":"(anonymous_13)","decl":{"start":{"line":181,"column":0},"end":{"line":181,"column":null}},"loc":{"start":{"line":181,"column":0},"end":{"line":186,"column":null}}},"13":{"name":"(anonymous_14)","decl":{"start":{"line":183,"column":0},"end":{"line":183,"column":null}},"loc":{"start":{"line":183,"column":0},"end":{"line":185,"column":null}}}},"branchMap":{"0":{"loc":{"start":{"line":103,"column":0},"end":{"line":112,"column":null}},"type":"if","locations":[{"start":{"line":103,"column":0},"end":{"line":112,"column":null}},{"start":{"line":103,"column":0},"end":{"line":112,"column":null}}]},"1":{"loc":{"start":{"line":127,"column":0},"end":{"line":146,"column":null}},"type":"if","locations":[{"start":{"line":127,"column":0},"end":{"line":146,"column":null}},{"start":{"line":127,"column":0},"end":{"line":146,"column":null}}]},"2":{"loc":{"start":{"line":138,"column":0},"end":{"line":140,"column":null}},"type":"if","locations":[{"start":{"line":138,"column":0},"end":{"line":140,"column":null}},{"start":{"line":138,"column":0},"end":{"line":140,"column":null}}]},"3":{"loc":{"start":{"line":156,"column":0},"end":{"line":159,"column":null}},"type":"if","locations":[{"start":{"line":156,"column":0},"end":{"line":159,"column":null}},{"start":{"line":156,"column":0},"end":{"line":159,"column":null}}]},"4":{"loc":{"start":{"line":160,"column":0},"end":{"line":165,"column":null}},"type":"if","locations":[{"start":{"line":160,"column":0},"end":{"line":165,"column":null}},{"start":{"line":160,"column":0},"end":{"line":165,"column":null}}]},"5":{"loc":{"start":{"line":182,"column":0},"end":{"line":182,"column":null}},"type":"if","locations":[{"start":{"line":182,"column":0},"end":{"line":182,"column":null}},{"start":{"line":182,"column":0},"end":{"line":182,"column":null}}]}},"s":{"0":0,"1":0,"2":0,"3":0,"4":0,"5":0,"6":0,"7":0,"8":0,"9":0,"10":0,"11":0,"12":0,"13":0,"14":0,"15":0,"16":0,"17":0,"18":0,"19":0,"20":0,"21":0,"22":0,"23":0,"24":0,"25":0,"26":0,"27":0,"28":0,"29":0,"30":0,"31":0,"32":0,"33":0},"f":{"0":0,"1":0,"2":0,"3":0,"4":0,"5":0,"6":0,"7":0,"8":0,"9":0,"10":0,"11":0,"12":0,"13":0},"b":{"0":[0,0],"1":[0,0],"2":[0,0],"3":[0,0],"4":[0,0],"5":[0,0]}}
,"/Users/zhangzheng/company/test-fe/dcs-fe/DCS-console/src/views/Account/ForgotPwd.vue": {"path":"/Users/zhangzheng/company/test-fe/dcs-fe/DCS-console/src/views/Account/ForgotPwd.vue","statementMap":{"0":{"start":{"line":53,"column":0},"end":{"line":53,"column":null}},"1":{"start":{"line":54,"column":0},"end":{"line":54,"column":null}},"2":{"start":{"line":55,"column":0},"end":{"line":55,"column":null}},"3":{"start":{"line":58,"column":0},"end":{"line":58,"column":null}},"4":{"start":{"line":69,"column":0},"end":{"line":69,"column":null}},"5":{"start":{"line":74,"column":0},"end":{"line":87,"column":null}},"6":{"start":{"line":75,"column":0},"end":{"line":86,"column":null}},"7":{"start":{"line":76,"column":0},"end":{"line":83,"column":null}},"8":{"start":{"line":77,"column":0},"end":{"line":77,"column":null}},"9":{"start":{"line":80,"column":0},"end":{"line":80,"column":null}},"10":{"start":{"line":85,"column":0},"end":{"line":85,"column":null}}},"fnMap":{"0":{"name":"(anonymous_1)","decl":{"start":{"line":57,"column":0},"end":{"line":57,"column":null}},"loc":{"start":{"line":57,"column":0},"end":{"line":65,"column":null}}},"1":{"name":"(anonymous_2)","decl":{"start":{"line":68,"column":0},"end":{"line":68,"column":null}},"loc":{"start":{"line":68,"column":0},"end":{"line":72,"column":null}}},"2":{"name":"(anonymous_3)","decl":{"start":{"line":73,"column":0},"end":{"line":73,"column":null}},"loc":{"start":{"line":73,"column":0},"end":{"line":88,"column":null}}},"3":{"name":"(anonymous_4)","decl":{"start":{"line":74,"column":0},"end":{"line":74,"column":null}},"loc":{"start":{"line":74,"column":0},"end":{"line":87,"column":null}}}},"branchMap":{"0":{"loc":{"start":{"line":75,"column":0},"end":{"line":86,"column":null}},"type":"if","locations":[{"start":{"line":75,"column":0},"end":{"line":86,"column":null}},{"start":{"line":75,"column":0},"end":{"line":86,"column":null}}]}},"s":{"0":0,"1":0,"2":0,"3":0,"4":0,"5":0,"6":0,"7":0,"8":0,"9":0,"10":0},"f":{"0":0,"1":0,"2":0,"3":0},"b":{"0":[0,0]}}
,"/Users/zhangzheng/company/test-fe/dcs-fe/DCS-console/src/views/Account/Helps.vue": {"path":"/Users/zhangzheng/company/test-fe/dcs-fe/DCS-console/src/views/Account/Helps.vue","statementMap":{"0":{"start":{"line":12,"column":0},"end":{"line":12,"column":null}}},"fnMap":{},"branchMap":{},"s":{"0":0},"f":{},"b":{}}
,"/Users/zhangzheng/company/test-fe/dcs-fe/DCS-console/src/views/Account/Login.vue": {"path":"/Users/zhangzheng/company/test-fe/dcs-fe/DCS-console/src/views/Account/Login.vue","statementMap":{"0":{"start":{"line":73,"column":0},"end":{"line":73,"column":null}},"1":{"start":{"line":76,"column":0},"end":{"line":76,"column":null}},"2":{"start":{"line":88,"column":0},"end":{"line":88,"column":null}},"3":{"start":{"line":92,"column":0},"end":{"line":109,"column":null}},"4":{"start":{"line":93,"column":0},"end":{"line":108,"column":null}},"5":{"start":{"line":94,"column":0},"end":{"line":94,"column":null}},"6":{"start":{"line":95,"column":0},"end":{"line":105,"column":null}},"7":{"start":{"line":98,"column":0},"end":{"line":98,"column":null}},"8":{"start":{"line":99,"column":0},"end":{"line":99,"column":null}},"9":{"start":{"line":104,"column":0},"end":{"line":104,"column":null}},"10":{"start":{"line":107,"column":0},"end":{"line":107,"column":null}},"11":{"start":{"line":114,"column":0},"end":{"line":114,"column":null}}},"fnMap":{"0":{"name":"(anonymous_1)","decl":{"start":{"line":75,"column":0},"end":{"line":75,"column":null}},"loc":{"start":{"line":75,"column":0},"end":{"line":85,"column":null}}},"1":{"name":"(anonymous_2)","decl":{"start":{"line":87,"column":0},"end":{"line":87,"column":null}},"loc":{"start":{"line":87,"column":0},"end":{"line":110,"column":null}}},"2":{"name":"(anonymous_3)","decl":{"start":{"line":92,"column":0},"end":{"line":92,"column":null}},"loc":{"start":{"line":92,"column":0},"end":{"line":109,"column":null}}},"3":{"name":"(anonymous_4)","decl":{"start":{"line":95,"column":0},"end":{"line":95,"column":null}},"loc":{"start":{"line":95,"column":0},"end":{"line":102,"column":null}}},"4":{"name":"(anonymous_5)","decl":{"start":{"line":102,"column":0},"end":{"line":102,"column":null}},"loc":{"start":{"line":102,"column":0},"end":{"line":105,"column":null}}},"5":{"name":"(anonymous_6)","decl":{"start":{"line":113,"column":0},"end":{"line":113,"column":null}},"loc":{"start":{"line":113,"column":0},"end":{"line":130,"column":null}}}},"branchMap":{"0":{"loc":{"start":{"line":93,"column":0},"end":{"line":108,"column":null}},"type":"if","locations":[{"start":{"line":93,"column":0},"end":{"line":108,"column":null}},{"start":{"line":93,"column":0},"end":{"line":108,"column":null}}]}},"s":{"0":1,"1":1,"2":0,"3":0,"4":0,"5":0,"6":0,"7":0,"8":0,"9":0,"10":0,"11":1},"f":{"0":1,"1":0,"2":0,"3":0,"4":0,"5":1},"b":{"0":[0,0]}}
,"/Users/zhangzheng/company/test-fe/dcs-fe/DCS-console/src/views/Account/ModifyPwd.vue": {"path":"/Users/zhangzheng/company/test-fe/dcs-fe/DCS-console/src/views/Account/ModifyPwd.vue","statementMap":{"0":{"start":{"line":50,"column":0},"end":{"line":50,"column":null}},"1":{"start":{"line":51,"column":0},"end":{"line":51,"column":null}},"2":{"start":{"line":54,"column":0},"end":{"line":54,"column":null}},"3":{"start":{"line":67,"column":0},"end":{"line":67,"column":null}},"4":{"start":{"line":72,"column":0},"end":{"line":94,"column":null}},"5":{"start":{"line":73,"column":0},"end":{"line":93,"column":null}},"6":{"start":{"line":74,"column":0},"end":{"line":74,"column":null}},"7":{"start":{"line":75,"column":0},"end":{"line":90,"column":null}},"8":{"start":{"line":76,"column":0},"end":{"line":76,"column":null}},"9":{"start":{"line":77,"column":0},"end":{"line":77,"column":null}},"10":{"start":{"line":81,"column":0},"end":{"line":81,"column":null}},"11":{"start":{"line":82,"column":0},"end":{"line":82,"column":null}},"12":{"start":{"line":83,"column":0},"end":{"line":87,"column":null}},"13":{"start":{"line":84,"column":0},"end":{"line":84,"column":null}},"14":{"start":{"line":89,"column":0},"end":{"line":89,"column":null}},"15":{"start":{"line":92,"column":0},"end":{"line":92,"column":null}},"16":{"start":{"line":97,"column":0},"end":{"line":103,"column":null}},"17":{"start":{"line":98,"column":0},"end":{"line":102,"column":null}},"18":{"start":{"line":99,"column":0},"end":{"line":99,"column":null}},"19":{"start":{"line":101,"column":0},"end":{"line":101,"column":null}},"20":{"start":{"line":108,"column":0},"end":{"line":108,"column":null}}},"fnMap":{"0":{"name":"(anonymous_1)","decl":{"start":{"line":53,"column":0},"end":{"line":53,"column":null}},"loc":{"start":{"line":53,"column":0},"end":{"line":62,"column":null}}},"1":{"name":"(anonymous_2)","decl":{"start":{"line":66,"column":0},"end":{"line":66,"column":null}},"loc":{"start":{"line":66,"column":0},"end":{"line":95,"column":null}}},"2":{"name":"(anonymous_3)","decl":{"start":{"line":72,"column":0},"end":{"line":72,"column":null}},"loc":{"start":{"line":72,"column":0},"end":{"line":94,"column":null}}},"3":{"name":"(anonymous_4)","decl":{"start":{"line":83,"column":0},"end":{"line":83,"column":null}},"loc":{"start":{"line":83,"column":0},"end":{"line":87,"column":null}}},"4":{"name":"(anonymous_5)","decl":{"start":{"line":96,"column":0},"end":{"line":96,"column":null}},"loc":{"start":{"line":96,"column":0},"end":{"line":104,"column":null}}},"5":{"name":"(anonymous_6)","decl":{"start":{"line":97,"column":0},"end":{"line":97,"column":null}},"loc":{"start":{"line":97,"column":0},"end":{"line":103,"column":null}}},"6":{"name":"(anonymous_7)","decl":{"start":{"line":107,"column":0},"end":{"line":107,"column":null}},"loc":{"start":{"line":107,"column":0},"end":{"line":109,"column":null}}}},"branchMap":{"0":{"loc":{"start":{"line":73,"column":0},"end":{"line":93,"column":null}},"type":"if","locations":[{"start":{"line":73,"column":0},"end":{"line":93,"column":null}},{"start":{"line":73,"column":0},"end":{"line":93,"column":null}}]}},"s":{"0":0,"1":0,"2":0,"3":0,"4":0,"5":0,"6":0,"7":0,"8":0,"9":0,"10":0,"11":0,"12":0,"13":0,"14":0,"15":0,"16":0,"17":0,"18":0,"19":0,"20":0},"f":{"0":0,"1":0,"2":0,"3":0,"4":0,"5":0,"6":0},"b":{"0":[0,0]}}
,"/Users/zhangzheng/company/test-fe/dcs-fe/DCS-console/src/views/Account/Register.vue": {"path":"/Users/zhangzheng/company/test-fe/dcs-fe/DCS-console/src/views/Account/Register.vue","statementMap":{"0":{"start":{"line":102,"column":0},"end":{"line":102,"column":null}},"1":{"start":{"line":103,"column":0},"end":{"line":103,"column":null}},"2":{"start":{"line":104,"column":0},"end":{"line":104,"column":null}},"3":{"start":{"line":107,"column":0},"end":{"line":107,"column":null}},"4":{"start":{"line":127,"column":0},"end":{"line":127,"column":null}},"5":{"start":{"line":128,"column":0},"end":{"line":147,"column":null}},"6":{"start":{"line":129,"column":0},"end":{"line":146,"column":null}},"7":{"start":{"line":130,"column":0},"end":{"line":145,"column":null}},"8":{"start":{"line":131,"column":0},"end":{"line":131,"column":null}},"9":{"start":{"line":135,"column":0},"end":{"line":135,"column":null}},"10":{"start":{"line":136,"column":0},"end":{"line":142,"column":null}},"11":{"start":{"line":137,"column":0},"end":{"line":141,"column":null}},"12":{"start":{"line":138,"column":0},"end":{"line":138,"column":null}},"13":{"start":{"line":140,"column":0},"end":{"line":140,"column":null}},"14":{"start":{"line":144,"column":0},"end":{"line":144,"column":null}},"15":{"start":{"line":151,"column":0},"end":{"line":151,"column":null}},"16":{"start":{"line":157,"column":0},"end":{"line":170,"column":null}},"17":{"start":{"line":158,"column":0},"end":{"line":169,"column":null}},"18":{"start":{"line":159,"column":0},"end":{"line":166,"column":null}},"19":{"start":{"line":160,"column":0},"end":{"line":160,"column":null}},"20":{"start":{"line":161,"column":0},"end":{"line":161,"column":null}},"21":{"start":{"line":163,"column":0},"end":{"line":163,"column":null}},"22":{"start":{"line":168,"column":0},"end":{"line":168,"column":null}},"23":{"start":{"line":174,"column":0},"end":{"line":182,"column":null}},"24":{"start":{"line":180,"column":0},"end":{"line":180,"column":null}},"25":{"start":{"line":187,"column":0},"end":{"line":187,"column":null}},"26":{"start":{"line":188,"column":0},"end":{"line":188,"column":null}},"27":{"start":{"line":189,"column":0},"end":{"line":189,"column":null}},"28":{"start":{"line":194,"column":0},"end":{"line":194,"column":null}}},"fnMap":{"0":{"name":"(anonymous_1)","decl":{"start":{"line":106,"column":0},"end":{"line":106,"column":null}},"loc":{"start":{"line":106,"column":0},"end":{"line":122,"column":null}}},"1":{"name":"(anonymous_2)","decl":{"start":{"line":126,"column":0},"end":{"line":126,"column":null}},"loc":{"start":{"line":126,"column":0},"end":{"line":148,"column":null}}},"2":{"name":"(anonymous_3)","decl":{"start":{"line":128,"column":0},"end":{"line":128,"column":null}},"loc":{"start":{"line":128,"column":0},"end":{"line":147,"column":null}}},"3":{"name":"(anonymous_4)","decl":{"start":{"line":136,"column":0},"end":{"line":136,"column":null}},"loc":{"start":{"line":136,"column":0},"end":{"line":142,"column":null}}},"4":{"name":"(anonymous_5)","decl":{"start":{"line":150,"column":0},"end":{"line":150,"column":null}},"loc":{"start":{"line":150,"column":0},"end":{"line":171,"column":null}}},"5":{"name":"(anonymous_6)","decl":{"start":{"line":157,"column":0},"end":{"line":157,"column":null}},"loc":{"start":{"line":157,"column":0},"end":{"line":170,"column":null}}},"6":{"name":"(anonymous_7)","decl":{"start":{"line":173,"column":0},"end":{"line":173,"column":null}},"loc":{"start":{"line":173,"column":0},"end":{"line":184,"column":null}}},"7":{"name":"(anonymous_8)","decl":{"start":{"line":175,"column":0},"end":{"line":175,"column":null}},"loc":{"start":{"line":175,"column":0},"end":{"line":182,"column":null}}},"8":{"name":"(anonymous_9)","decl":{"start":{"line":182,"column":0},"end":{"line":182,"column":null}},"loc":{"start":{"line":182,"column":0},"end":{"line":182,"column":null}}},"9":{"name":"(anonymous_10)","decl":{"start":{"line":186,"column":0},"end":{"line":186,"column":null}},"loc":{"start":{"line":186,"column":0},"end":{"line":190,"column":null}}},"10":{"name":"(anonymous_11)","decl":{"start":{"line":193,"column":0},"end":{"line":193,"column":null}},"loc":{"start":{"line":193,"column":0},"end":{"line":195,"column":null}}}},"branchMap":{"0":{"loc":{"start":{"line":127,"column":0},"end":{"line":127,"column":null}},"type":"if","locations":[{"start":{"line":127,"column":0},"end":{"line":127,"column":null}},{"start":{"line":127,"column":0},"end":{"line":127,"column":null}}]},"1":{"loc":{"start":{"line":129,"column":0},"end":{"line":146,"column":null}},"type":"if","locations":[{"start":{"line":129,"column":0},"end":{"line":146,"column":null}},{"start":{"line":129,"column":0},"end":{"line":146,"column":null}}]},"2":{"loc":{"start":{"line":137,"column":0},"end":{"line":141,"column":null}},"type":"if","locations":[{"start":{"line":137,"column":0},"end":{"line":141,"column":null}},{"start":{"line":137,"column":0},"end":{"line":141,"column":null}}]},"3":{"loc":{"start":{"line":158,"column":0},"end":{"line":169,"column":null}},"type":"if","locations":[{"start":{"line":158,"column":0},"end":{"line":169,"column":null}},{"start":{"line":158,"column":0},"end":{"line":169,"column":null}}]}},"s":{"0":0,"1":0,"2":0,"3":0,"4":0,"5":0,"6":0,"7":0,"8":0,"9":0,"10":0,"11":0,"12":0,"13":0,"14":0,"15":0,"16":0,"17":0,"18":0,"19":0,"20":0,"21":0,"22":0,"23":0,"24":0,"25":0,"26":0,"27":0,"28":0},"f":{"0":0,"1":0,"2":0,"3":0,"4":0,"5":0,"6":0,"7":0,"8":0,"9":0,"10":0},"b":{"0":[0,0],"1":[0,0],"2":[0,0],"3":[0,0]}}
,"/Users/zhangzheng/company/test-fe/dcs-fe/DCS-console/src/views/Account/ResetPwd.vue": {"path":"/Users/zhangzheng/company/test-fe/dcs-fe/DCS-console/src/views/Account/ResetPwd.vue","statementMap":{"0":{"start":{"line":68,"column":0},"end":{"line":68,"column":null}},"1":{"start":{"line":69,"column":0},"end":{"line":69,"column":null}},"2":{"start":{"line":70,"column":0},"end":{"line":70,"column":null}},"3":{"start":{"line":73,"column":0},"end":{"line":73,"column":null}},"4":{"start":{"line":86,"column":0},"end":{"line":86,"column":null}},"5":{"start":{"line":91,"column":0},"end":{"line":106,"column":null}},"6":{"start":{"line":92,"column":0},"end":{"line":105,"column":null}},"7":{"start":{"line":93,"column":0},"end":{"line":102,"column":null}},"8":{"start":{"line":94,"column":0},"end":{"line":94,"column":null}},"9":{"start":{"line":99,"column":0},"end":{"line":99,"column":null}},"10":{"start":{"line":104,"column":0},"end":{"line":104,"column":null}},"11":{"start":{"line":111,"column":0},"end":{"line":111,"column":null}}},"fnMap":{"0":{"name":"(anonymous_1)","decl":{"start":{"line":72,"column":0},"end":{"line":72,"column":null}},"loc":{"start":{"line":72,"column":0},"end":{"line":82,"column":null}}},"1":{"name":"(anonymous_2)","decl":{"start":{"line":85,"column":0},"end":{"line":85,"column":null}},"loc":{"start":{"line":85,"column":0},"end":{"line":89,"column":null}}},"2":{"name":"(anonymous_3)","decl":{"start":{"line":90,"column":0},"end":{"line":90,"column":null}},"loc":{"start":{"line":90,"column":0},"end":{"line":107,"column":null}}},"3":{"name":"(anonymous_4)","decl":{"start":{"line":91,"column":0},"end":{"line":91,"column":null}},"loc":{"start":{"line":91,"column":0},"end":{"line":106,"column":null}}},"4":{"name":"(anonymous_5)","decl":{"start":{"line":110,"column":0},"end":{"line":110,"column":null}},"loc":{"start":{"line":110,"column":0},"end":{"line":112,"column":null}}}},"branchMap":{"0":{"loc":{"start":{"line":92,"column":0},"end":{"line":105,"column":null}},"type":"if","locations":[{"start":{"line":92,"column":0},"end":{"line":105,"column":null}},{"start":{"line":92,"column":0},"end":{"line":105,"column":null}}]}},"s":{"0":0,"1":0,"2":0,"3":0,"4":0,"5":0,"6":0,"7":0,"8":0,"9":0,"10":0,"11":0},"f":{"0":0,"1":0,"2":0,"3":0,"4":0},"b":{"0":[0,0]}}
,"/Users/zhangzheng/company/test-fe/dcs-fe/DCS-console/src/views/Account/UserInfo.vue": {"path":"/Users/zhangzheng/company/test-fe/dcs-fe/DCS-console/src/views/Account/UserInfo.vue","statementMap":{"0":{"start":{"line":47,"column":0},"end":{"line":47,"column":null}},"1":{"start":{"line":48,"column":0},"end":{"line":48,"column":null}},"2":{"start":{"line":49,"column":0},"end":{"line":49,"column":null}},"3":{"start":{"line":52,"column":0},"end":{"line":52,"column":null}},"4":{"start":{"line":66,"column":0},"end":{"line":75,"column":null}},"5":{"start":{"line":67,"column":0},"end":{"line":67,"column":null}},"6":{"start":{"line":76,"column":0},"end":{"line":76,"column":null}},"7":{"start":{"line":81,"column":0},"end":{"line":81,"column":null}},"8":{"start":{"line":89,"column":0},"end":{"line":110,"column":null}},"9":{"start":{"line":90,"column":0},"end":{"line":109,"column":null}},"10":{"start":{"line":91,"column":0},"end":{"line":91,"column":null}},"11":{"start":{"line":92,"column":0},"end":{"line":108,"column":null}},"12":{"start":{"line":93,"column":0},"end":{"line":93,"column":null}},"13":{"start":{"line":94,"column":0},"end":{"line":94,"column":null}},"14":{"start":{"line":98,"column":0},"end":{"line":104,"column":null}},"15":{"start":{"line":101,"column":0},"end":{"line":103,"column":null}},"16":{"start":{"line":102,"column":0},"end":{"line":102,"column":null}},"17":{"start":{"line":107,"column":0},"end":{"line":107,"column":null}},"18":{"start":{"line":113,"column":0},"end":{"line":113,"column":null}},"19":{"start":{"line":117,"column":0},"end":{"line":117,"column":null}},"20":{"start":{"line":118,"column":0},"end":{"line":118,"column":null}},"21":{"start":{"line":119,"column":0},"end":{"line":122,"column":null}},"22":{"start":{"line":120,"column":0},"end":{"line":120,"column":null}},"23":{"start":{"line":121,"column":0},"end":{"line":121,"column":null}},"24":{"start":{"line":123,"column":0},"end":{"line":128,"column":null}},"25":{"start":{"line":124,"column":0},"end":{"line":125,"column":null}},"26":{"start":{"line":127,"column":0},"end":{"line":127,"column":null}},"27":{"start":{"line":133,"column":0},"end":{"line":133,"column":null}},"28":{"start":{"line":136,"column":0},"end":{"line":136,"column":null}},"29":{"start":{"line":139,"column":0},"end":{"line":139,"column":null}},"30":{"start":{"line":142,"column":0},"end":{"line":142,"column":null}},"31":{"start":{"line":143,"column":0},"end":{"line":145,"column":null}},"32":{"start":{"line":144,"column":0},"end":{"line":144,"column":null}}},"fnMap":{"0":{"name":"(anonymous_1)","decl":{"start":{"line":51,"column":0},"end":{"line":51,"column":null}},"loc":{"start":{"line":51,"column":0},"end":{"line":63,"column":null}}},"1":{"name":"(anonymous_2)","decl":{"start":{"line":65,"column":0},"end":{"line":65,"column":null}},"loc":{"start":{"line":65,"column":0},"end":{"line":77,"column":null}}},"2":{"name":"(anonymous_3)","decl":{"start":{"line":80,"column":0},"end":{"line":80,"column":null}},"loc":{"start":{"line":80,"column":0},"end":{"line":111,"column":null}}},"3":{"name":"(anonymous_4)","decl":{"start":{"line":89,"column":0},"end":{"line":89,"column":null}},"loc":{"start":{"line":89,"column":0},"end":{"line":110,"column":null}}},"4":{"name":"(anonymous_5)","decl":{"start":{"line":98,"column":0},"end":{"line":98,"column":null}},"loc":{"start":{"line":98,"column":0},"end":{"line":104,"column":null}}},"5":{"name":"(anonymous_6)","decl":{"start":{"line":104,"column":0},"end":{"line":104,"column":null}},"loc":{"start":{"line":104,"column":0},"end":{"line":104,"column":null}}},"6":{"name":"(anonymous_7)","decl":{"start":{"line":112,"column":0},"end":{"line":112,"column":null}},"loc":{"start":{"line":112,"column":0},"end":{"line":114,"column":null}}},"7":{"name":"(anonymous_8)","decl":{"start":{"line":115,"column":0},"end":{"line":115,"column":null}},"loc":{"start":{"line":115,"column":0},"end":{"line":115,"column":null}}},"8":{"name":"(anonymous_9)","decl":{"start":{"line":116,"column":0},"end":{"line":116,"column":null}},"loc":{"start":{"line":116,"column":0},"end":{"line":129,"column":null}}},"9":{"name":"(anonymous_10)","decl":{"start":{"line":132,"column":0},"end":{"line":132,"column":null}},"loc":{"start":{"line":132,"column":0},"end":{"line":134,"column":null}}},"10":{"name":"(anonymous_11)","decl":{"start":{"line":135,"column":0},"end":{"line":135,"column":null}},"loc":{"start":{"line":135,"column":0},"end":{"line":137,"column":null}}},"11":{"name":"(anonymous_12)","decl":{"start":{"line":138,"column":0},"end":{"line":138,"column":null}},"loc":{"start":{"line":138,"column":0},"end":{"line":140,"column":null}}},"12":{"name":"(anonymous_13)","decl":{"start":{"line":141,"column":0},"end":{"line":141,"column":null}},"loc":{"start":{"line":141,"column":0},"end":{"line":146,"column":null}}},"13":{"name":"(anonymous_14)","decl":{"start":{"line":143,"column":0},"end":{"line":143,"column":null}},"loc":{"start":{"line":143,"column":0},"end":{"line":145,"column":null}}}},"branchMap":{"0":{"loc":{"start":{"line":66,"column":0},"end":{"line":75,"column":null}},"type":"if","locations":[{"start":{"line":66,"column":0},"end":{"line":75,"column":null}},{"start":{"line":66,"column":0},"end":{"line":75,"column":null}}]},"1":{"loc":{"start":{"line":90,"column":0},"end":{"line":109,"column":null}},"type":"if","locations":[{"start":{"line":90,"column":0},"end":{"line":109,"column":null}},{"start":{"line":90,"column":0},"end":{"line":109,"column":null}}]},"2":{"loc":{"start":{"line":101,"column":0},"end":{"line":103,"column":null}},"type":"if","locations":[{"start":{"line":101,"column":0},"end":{"line":103,"column":null}},{"start":{"line":101,"column":0},"end":{"line":103,"column":null}}]},"3":{"loc":{"start":{"line":119,"column":0},"end":{"line":122,"column":null}},"type":"if","locations":[{"start":{"line":119,"column":0},"end":{"line":122,"column":null}},{"start":{"line":119,"column":0},"end":{"line":122,"column":null}}]},"4":{"loc":{"start":{"line":123,"column":0},"end":{"line":128,"column":null}},"type":"if","locations":[{"start":{"line":123,"column":0},"end":{"line":128,"column":null}},{"start":{"line":123,"column":0},"end":{"line":128,"column":null}}]},"5":{"loc":{"start":{"line":142,"column":0},"end":{"line":142,"column":null}},"type":"if","locations":[{"start":{"line":142,"column":0},"end":{"line":142,"column":null}},{"start":{"line":142,"column":0},"end":{"line":142,"column":null}}]}},"s":{"0":0,"1":0,"2":0,"3":0,"4":0,"5":0,"6":0,"7":0,"8":0,"9":0,"10":0,"11":0,"12":0,"13":0,"14":0,"15":0,"16":0,"17":0,"18":0,"19":0,"20":0,"21":0,"22":0,"23":0,"24":0,"25":0,"26":0,"27":0,"28":0,"29":0,"30":0,"31":0,"32":0},"f":{"0":0,"1":0,"2":0,"3":0,"4":0,"5":0,"6":0,"7":0,"8":0,"9":0,"10":0,"11":0,"12":0,"13":0},"b":{"0":[0,0],"1":[0,0],"2":[0,0],"3":[0,0],"4":[0,0],"5":[0,0]}}
,"/Users/zhangzheng/company/test-fe/dcs-fe/DCS-console/src/views/Event/Detail.vue": {"path":"/Users/zhangzheng/company/test-fe/dcs-fe/DCS-console/src/views/Event/Detail.vue","statementMap":{"0":{"start":{"line":275,"column":0},"end":{"line":275,"column":null}},"1":{"start":{"line":284,"column":0},"end":{"line":284,"column":null}},"2":{"start":{"line":285,"column":0},"end":{"line":285,"column":null}},"3":{"start":{"line":286,"column":0},"end":{"line":286,"column":null}},"4":{"start":{"line":289,"column":0},"end":{"line":289,"column":null}},"5":{"start":{"line":305,"column":0},"end":{"line":305,"column":null}},"6":{"start":{"line":306,"column":0},"end":{"line":306,"column":null}},"7":{"start":{"line":311,"column":0},"end":{"line":311,"column":null}},"8":{"start":{"line":312,"column":0},"end":{"line":320,"column":null}},"9":{"start":{"line":313,"column":0},"end":{"line":313,"column":null}},"10":{"start":{"line":316,"column":0},"end":{"line":316,"column":null}},"11":{"start":{"line":317,"column":0},"end":{"line":317,"column":null}},"12":{"start":{"line":323,"column":0},"end":{"line":323,"column":null}},"13":{"start":{"line":324,"column":0},"end":{"line":332,"column":null}},"14":{"start":{"line":325,"column":0},"end":{"line":325,"column":null}},"15":{"start":{"line":328,"column":0},"end":{"line":328,"column":null}},"16":{"start":{"line":329,"column":0},"end":{"line":329,"column":null}},"17":{"start":{"line":335,"column":0},"end":{"line":354,"column":null}},"18":{"start":{"line":345,"column":0},"end":{"line":353,"column":null}},"19":{"start":{"line":346,"column":0},"end":{"line":346,"column":null}},"20":{"start":{"line":349,"column":0},"end":{"line":349,"column":null}},"21":{"start":{"line":350,"column":0},"end":{"line":350,"column":null}},"22":{"start":{"line":358,"column":0},"end":{"line":377,"column":null}},"23":{"start":{"line":368,"column":0},"end":{"line":376,"column":null}},"24":{"start":{"line":369,"column":0},"end":{"line":369,"column":null}},"25":{"start":{"line":372,"column":0},"end":{"line":372,"column":null}},"26":{"start":{"line":373,"column":0},"end":{"line":373,"column":null}},"27":{"start":{"line":381,"column":0},"end":{"line":381,"column":null}},"28":{"start":{"line":385,"column":0},"end":{"line":385,"column":null}},"29":{"start":{"line":386,"column":0},"end":{"line":397,"column":null}},"30":{"start":{"line":387,"column":0},"end":{"line":396,"column":null}},"31":{"start":{"line":388,"column":0},"end":{"line":388,"column":null}},"32":{"start":{"line":392,"column":0},"end":{"line":392,"column":null}},"33":{"start":{"line":393,"column":0},"end":{"line":393,"column":null}},"34":{"start":{"line":394,"column":0},"end":{"line":394,"column":null}},"35":{"start":{"line":395,"column":0},"end":{"line":395,"column":null}},"36":{"start":{"line":401,"column":0},"end":{"line":401,"column":null}},"37":{"start":{"line":402,"column":0},"end":{"line":413,"column":null}},"38":{"start":{"line":403,"column":0},"end":{"line":412,"column":null}},"39":{"start":{"line":404,"column":0},"end":{"line":404,"column":null}},"40":{"start":{"line":408,"column":0},"end":{"line":408,"column":null}},"41":{"start":{"line":409,"column":0},"end":{"line":409,"column":null}},"42":{"start":{"line":410,"column":0},"end":{"line":410,"column":null}},"43":{"start":{"line":411,"column":0},"end":{"line":411,"column":null}},"44":{"start":{"line":417,"column":0},"end":{"line":436,"column":null}},"45":{"start":{"line":427,"column":0},"end":{"line":435,"column":null}},"46":{"start":{"line":428,"column":0},"end":{"line":428,"column":null}},"47":{"start":{"line":432,"column":0},"end":{"line":432,"column":null}},"48":{"start":{"line":434,"column":0},"end":{"line":434,"column":null}},"49":{"start":{"line":441,"column":0},"end":{"line":441,"column":null}},"50":{"start":{"line":444,"column":0},"end":{"line":444,"column":null}},"51":{"start":{"line":446,"column":0},"end":{"line":446,"column":null}},"52":{"start":{"line":448,"column":0},"end":{"line":448,"column":null}},"53":{"start":{"line":451,"column":0},"end":{"line":451,"column":null}},"54":{"start":{"line":453,"column":0},"end":{"line":453,"column":null}},"55":{"start":{"line":457,"column":0},"end":{"line":457,"column":null}},"56":{"start":{"line":458,"column":0},"end":{"line":458,"column":null}},"57":{"start":{"line":461,"column":0},"end":{"line":461,"column":null}},"58":{"start":{"line":468,"column":0},"end":{"line":468,"column":null}},"59":{"start":{"line":471,"column":0},"end":{"line":471,"column":null}},"60":{"start":{"line":472,"column":0},"end":{"line":472,"column":null}},"61":{"start":{"line":475,"column":0},"end":{"line":477,"column":null}},"62":{"start":{"line":476,"column":0},"end":{"line":476,"column":null}},"63":{"start":{"line":478,"column":0},"end":{"line":478,"column":null}},"64":{"start":{"line":481,"column":0},"end":{"line":483,"column":null}},"65":{"start":{"line":482,"column":0},"end":{"line":482,"column":null}},"66":{"start":{"line":484,"column":0},"end":{"line":484,"column":null}}},"fnMap":{"0":{"name":"(anonymous_1)","decl":{"start":{"line":288,"column":0},"end":{"line":288,"column":null}},"loc":{"start":{"line":288,"column":0},"end":{"line":298,"column":null}}},"1":{"name":"(anonymous_2)","decl":{"start":{"line":304,"column":0},"end":{"line":304,"column":null}},"loc":{"start":{"line":304,"column":0},"end":{"line":308,"column":null}}},"2":{"name":"(anonymous_3)","decl":{"start":{"line":310,"column":0},"end":{"line":310,"column":null}},"loc":{"start":{"line":310,"column":0},"end":{"line":321,"column":null}}},"3":{"name":"(anonymous_4)","decl":{"start":{"line":322,"column":0},"end":{"line":322,"column":null}},"loc":{"start":{"line":322,"column":0},"end":{"line":333,"column":null}}},"4":{"name":"(anonymous_5)","decl":{"start":{"line":334,"column":0},"end":{"line":334,"column":null}},"loc":{"start":{"line":334,"column":0},"end":{"line":356,"column":null}}},"5":{"name":"(anonymous_6)","decl":{"start":{"line":338,"column":0},"end":{"line":338,"column":null}},"loc":{"start":{"line":338,"column":0},"end":{"line":354,"column":null}}},"6":{"name":"(anonymous_7)","decl":{"start":{"line":354,"column":0},"end":{"line":354,"column":null}},"loc":{"start":{"line":354,"column":0},"end":{"line":354,"column":null}}},"7":{"name":"(anonymous_8)","decl":{"start":{"line":357,"column":0},"end":{"line":357,"column":null}},"loc":{"start":{"line":357,"column":0},"end":{"line":379,"column":null}}},"8":{"name":"(anonymous_9)","decl":{"start":{"line":361,"column":0},"end":{"line":361,"column":null}},"loc":{"start":{"line":361,"column":0},"end":{"line":377,"column":null}}},"9":{"name":"(anonymous_10)","decl":{"start":{"line":377,"column":0},"end":{"line":377,"column":null}},"loc":{"start":{"line":377,"column":0},"end":{"line":377,"column":null}}},"10":{"name":"(anonymous_11)","decl":{"start":{"line":380,"column":0},"end":{"line":380,"column":null}},"loc":{"start":{"line":380,"column":0},"end":{"line":382,"column":null}}},"11":{"name":"(anonymous_12)","decl":{"start":{"line":384,"column":0},"end":{"line":384,"column":null}},"loc":{"start":{"line":384,"column":0},"end":{"line":398,"column":null}}},"12":{"name":"(anonymous_13)","decl":{"start":{"line":386,"column":0},"end":{"line":386,"column":null}},"loc":{"start":{"line":386,"column":0},"end":{"line":397,"column":null}}},"13":{"name":"(anonymous_14)","decl":{"start":{"line":400,"column":0},"end":{"line":400,"column":null}},"loc":{"start":{"line":400,"column":0},"end":{"line":414,"column":null}}},"14":{"name":"(anonymous_15)","decl":{"start":{"line":402,"column":0},"end":{"line":402,"column":null}},"loc":{"start":{"line":402,"column":0},"end":{"line":413,"column":null}}},"15":{"name":"(anonymous_16)","decl":{"start":{"line":416,"column":0},"end":{"line":416,"column":null}},"loc":{"start":{"line":416,"column":0},"end":{"line":438,"column":null}}},"16":{"name":"(anonymous_17)","decl":{"start":{"line":420,"column":0},"end":{"line":420,"column":null}},"loc":{"start":{"line":420,"column":0},"end":{"line":436,"column":null}}},"17":{"name":"(anonymous_18)","decl":{"start":{"line":436,"column":0},"end":{"line":436,"column":null}},"loc":{"start":{"line":436,"column":0},"end":{"line":436,"column":null}}},"18":{"name":"(anonymous_19)","decl":{"start":{"line":440,"column":0},"end":{"line":440,"column":null}},"loc":{"start":{"line":440,"column":0},"end":{"line":442,"column":null}}},"19":{"name":"(anonymous_20)","decl":{"start":{"line":443,"column":0},"end":{"line":443,"column":null}},"loc":{"start":{"line":443,"column":0},"end":{"line":455,"column":null}}},"20":{"name":"(anonymous_21)","decl":{"start":{"line":456,"column":0},"end":{"line":456,"column":null}},"loc":{"start":{"line":456,"column":0},"end":{"line":459,"column":null}}},"21":{"name":"(anonymous_22)","decl":{"start":{"line":460,"column":0},"end":{"line":460,"column":null}},"loc":{"start":{"line":460,"column":0},"end":{"line":464,"column":null}}},"22":{"name":"(anonymous_23)","decl":{"start":{"line":467,"column":0},"end":{"line":467,"column":null}},"loc":{"start":{"line":467,"column":0},"end":{"line":469,"column":null}}},"23":{"name":"(anonymous_24)","decl":{"start":{"line":470,"column":0},"end":{"line":470,"column":null}},"loc":{"start":{"line":470,"column":0},"end":{"line":473,"column":null}}},"24":{"name":"(anonymous_25)","decl":{"start":{"line":474,"column":0},"end":{"line":474,"column":null}},"loc":{"start":{"line":474,"column":0},"end":{"line":479,"column":null}}},"25":{"name":"(anonymous_26)","decl":{"start":{"line":480,"column":0},"end":{"line":480,"column":null}},"loc":{"start":{"line":480,"column":0},"end":{"line":485,"column":null}}}},"branchMap":{"0":{"loc":{"start":{"line":387,"column":0},"end":{"line":396,"column":null}},"type":"if","locations":[{"start":{"line":387,"column":0},"end":{"line":396,"column":null}},{"start":{"line":387,"column":0},"end":{"line":396,"column":null}}]},"1":{"loc":{"start":{"line":403,"column":0},"end":{"line":412,"column":null}},"type":"if","locations":[{"start":{"line":403,"column":0},"end":{"line":412,"column":null}},{"start":{"line":403,"column":0},"end":{"line":412,"column":null}}]},"2":{"loc":{"start":{"line":445,"column":0},"end":{"line":446,"column":null}},"type":"switch","locations":[{"start":{"line":445,"column":0},"end":{"line":446,"column":null}},{"start":{"line":447,"column":0},"end":{"line":448,"column":null}},{"start":{"line":449,"column":0},"end":{"line":449,"column":null}},{"start":{"line":450,"column":0},"end":{"line":451,"column":null}},{"start":{"line":452,"column":0},"end":{"line":453,"column":null}}]},"3":{"loc":{"start":{"line":472,"column":0},"end":{"line":472,"column":null}},"type":"binary-expr","locations":[{"start":{"line":472,"column":0},"end":{"line":472,"column":null}},{"start":{"line":472,"column":0},"end":{"line":472,"column":null}}]},"4":{"loc":{"start":{"line":475,"column":0},"end":{"line":477,"column":null}},"type":"if","locations":[{"start":{"line":475,"column":0},"end":{"line":477,"column":null}},{"start":{"line":475,"column":0},"end":{"line":477,"column":null}}]},"5":{"loc":{"start":{"line":481,"column":0},"end":{"line":483,"column":null}},"type":"if","locations":[{"start":{"line":481,"column":0},"end":{"line":483,"column":null}},{"start":{"line":481,"column":0},"end":{"line":483,"column":null}}]}},"s":{"0":0,"1":0,"2":0,"3":0,"4":0,"5":0,"6":0,"7":0,"8":0,"9":0,"10":0,"11":0,"12":0,"13":0,"14":0,"15":0,"16":0,"17":0,"18":0,"19":0,"20":0,"21":0,"22":0,"23":0,"24":0,"25":0,"26":0,"27":0,"28":0,"29":0,"30":0,"31":0,"32":0,"33":0,"34":0,"35":0,"36":0,"37":0,"38":0,"39":0,"40":0,"41":0,"42":0,"43":0,"44":0,"45":0,"46":0,"47":0,"48":0,"49":0,"50":0,"51":0,"52":0,"53":0,"54":0,"55":0,"56":0,"57":0,"58":0,"59":0,"60":0,"61":0,"62":0,"63":0,"64":0,"65":0,"66":0},"f":{"0":0,"1":0,"2":0,"3":0,"4":0,"5":0,"6":0,"7":0,"8":0,"9":0,"10":0,"11":0,"12":0,"13":0,"14":0,"15":0,"16":0,"17":0,"18":0,"19":0,"20":0,"21":0,"22":0,"23":0,"24":0,"25":0},"b":{"0":[0,0],"1":[0,0],"2":[0,0,0,0,0],"3":[0,0],"4":[0,0],"5":[0,0]}}
,"/Users/zhangzheng/company/test-fe/dcs-fe/DCS-console/src/views/Event/List.vue": {"path":"/Users/zhangzheng/company/test-fe/dcs-fe/DCS-console/src/views/Event/List.vue","statementMap":{"0":{"start":{"line":130,"column":0},"end":{"line":130,"column":null}},"1":{"start":{"line":131,"column":0},"end":{"line":131,"column":null}},"2":{"start":{"line":134,"column":0},"end":{"line":134,"column":null}},"3":{"start":{"line":156,"column":0},"end":{"line":156,"column":null}},"4":{"start":{"line":157,"column":0},"end":{"line":157,"column":null}},"5":{"start":{"line":161,"column":0},"end":{"line":161,"column":null}},"6":{"start":{"line":162,"column":0},"end":{"line":162,"column":null}},"7":{"start":{"line":163,"column":0},"end":{"line":180,"column":null}},"8":{"start":{"line":164,"column":0},"end":{"line":164,"column":null}},"9":{"start":{"line":169,"column":0},"end":{"line":169,"column":null}},"10":{"start":{"line":170,"column":0},"end":{"line":170,"column":null}},"11":{"start":{"line":172,"column":0},"end":{"line":172,"column":null}},"12":{"start":{"line":173,"column":0},"end":{"line":173,"column":null}},"13":{"start":{"line":174,"column":0},"end":{"line":174,"column":null}},"14":{"start":{"line":175,"column":0},"end":{"line":175,"column":null}},"15":{"start":{"line":176,"column":0},"end":{"line":176,"column":null}},"16":{"start":{"line":177,"column":0},"end":{"line":177,"column":null}},"17":{"start":{"line":183,"column":0},"end":{"line":190,"column":null}},"18":{"start":{"line":184,"column":0},"end":{"line":184,"column":null}},"19":{"start":{"line":187,"column":0},"end":{"line":187,"column":null}},"20":{"start":{"line":196,"column":0},"end":{"line":196,"column":null}},"21":{"start":{"line":197,"column":0},"end":{"line":197,"column":null}},"22":{"start":{"line":201,"column":0},"end":{"line":201,"column":null}},"23":{"start":{"line":204,"column":0},"end":{"line":204,"column":null}},"24":{"start":{"line":206,"column":0},"end":{"line":206,"column":null}},"25":{"start":{"line":208,"column":0},"end":{"line":208,"column":null}},"26":{"start":{"line":211,"column":0},"end":{"line":211,"column":null}},"27":{"start":{"line":213,"column":0},"end":{"line":213,"column":null}},"28":{"start":{"line":219,"column":0},"end":{"line":219,"column":null}},"29":{"start":{"line":220,"column":0},"end":{"line":220,"column":null}},"30":{"start":{"line":223,"column":0},"end":{"line":240,"column":null}}},"fnMap":{"0":{"name":"(anonymous_1)","decl":{"start":{"line":133,"column":0},"end":{"line":133,"column":null}},"loc":{"start":{"line":133,"column":0},"end":{"line":153,"column":null}}},"1":{"name":"(anonymous_2)","decl":{"start":{"line":155,"column":0},"end":{"line":155,"column":null}},"loc":{"start":{"line":155,"column":0},"end":{"line":158,"column":null}}},"2":{"name":"(anonymous_3)","decl":{"start":{"line":160,"column":0},"end":{"line":160,"column":null}},"loc":{"start":{"line":160,"column":0},"end":{"line":181,"column":null}}},"3":{"name":"(anonymous_4)","decl":{"start":{"line":182,"column":0},"end":{"line":182,"column":null}},"loc":{"start":{"line":182,"column":0},"end":{"line":191,"column":null}}},"4":{"name":"(anonymous_5)","decl":{"start":{"line":193,"column":0},"end":{"line":193,"column":null}},"loc":{"start":{"line":193,"column":0},"end":{"line":193,"column":null}}},"5":{"name":"(anonymous_6)","decl":{"start":{"line":195,"column":0},"end":{"line":195,"column":null}},"loc":{"start":{"line":195,"column":0},"end":{"line":198,"column":null}}},"6":{"name":"(anonymous_7)","decl":{"start":{"line":200,"column":0},"end":{"line":200,"column":null}},"loc":{"start":{"line":200,"column":0},"end":{"line":202,"column":null}}},"7":{"name":"(anonymous_8)","decl":{"start":{"line":203,"column":0},"end":{"line":203,"column":null}},"loc":{"start":{"line":203,"column":0},"end":{"line":215,"column":null}}},"8":{"name":"(anonymous_9)","decl":{"start":{"line":218,"column":0},"end":{"line":218,"column":null}},"loc":{"start":{"line":218,"column":0},"end":{"line":221,"column":null}}},"9":{"name":"(anonymous_10)","decl":{"start":{"line":222,"column":0},"end":{"line":222,"column":null}},"loc":{"start":{"line":222,"column":0},"end":{"line":245,"column":null}}}},"branchMap":{"0":{"loc":{"start":{"line":161,"column":0},"end":{"line":161,"column":null}},"type":"if","locations":[{"start":{"line":161,"column":0},"end":{"line":161,"column":null}},{"start":{"line":161,"column":0},"end":{"line":161,"column":null}}]},"1":{"loc":{"start":{"line":169,"column":0},"end":{"line":169,"column":null}},"type":"if","locations":[{"start":{"line":169,"column":0},"end":{"line":169,"column":null}},{"start":{"line":169,"column":0},"end":{"line":169,"column":null}}]},"2":{"loc":{"start":{"line":170,"column":0},"end":{"line":170,"column":null}},"type":"if","locations":[{"start":{"line":170,"column":0},"end":{"line":170,"column":null}},{"start":{"line":170,"column":0},"end":{"line":170,"column":null}}]},"3":{"loc":{"start":{"line":172,"column":0},"end":{"line":172,"column":null}},"type":"if","locations":[{"start":{"line":172,"column":0},"end":{"line":172,"column":null}},{"start":{"line":172,"column":0},"end":{"line":172,"column":null}}]},"4":{"loc":{"start":{"line":174,"column":0},"end":{"line":174,"column":null}},"type":"binary-expr","locations":[{"start":{"line":174,"column":0},"end":{"line":174,"column":null}},{"start":{"line":174,"column":0},"end":{"line":174,"column":null}}]},"5":{"loc":{"start":{"line":205,"column":0},"end":{"line":206,"column":null}},"type":"switch","locations":[{"start":{"line":205,"column":0},"end":{"line":206,"column":null}},{"start":{"line":207,"column":0},"end":{"line":208,"column":null}},{"start":{"line":209,"column":0},"end":{"line":209,"column":null}},{"start":{"line":210,"column":0},"end":{"line":211,"column":null}},{"start":{"line":212,"column":0},"end":{"line":213,"column":null}}]},"6":{"loc":{"start":{"line":220,"column":0},"end":{"line":220,"column":null}},"type":"binary-expr","locations":[{"start":{"line":220,"column":0},"end":{"line":220,"column":null}},{"start":{"line":220,"column":0},"end":{"line":220,"column":null}}]}},"s":{"0":0,"1":0,"2":0,"3":0,"4":0,"5":0,"6":0,"7":0,"8":0,"9":0,"10":0,"11":0,"12":0,"13":0,"14":0,"15":0,"16":0,"17":0,"18":0,"19":0,"20":0,"21":0,"22":0,"23":0,"24":0,"25":0,"26":0,"27":0,"28":0,"29":0,"30":0},"f":{"0":0,"1":0,"2":0,"3":0,"4":0,"5":0,"6":0,"7":0,"8":0,"9":0},"b":{"0":[0,0],"1":[0,0],"2":[0,0],"3":[0,0],"4":[0,0],"5":[0,0,0,0,0],"6":[0,0]}}
,"/Users/zhangzheng/company/test-fe/dcs-fe/DCS-console/src/views/Grading/List.vue": {"path":"/Users/zhangzheng/company/test-fe/dcs-fe/DCS-console/src/views/Grading/List.vue","statementMap":{"0":{"start":{"line":200,"column":0},"end":{"line":200,"column":null}},"1":{"start":{"line":201,"column":0},"end":{"line":201,"column":null}},"2":{"start":{"line":202,"column":0},"end":{"line":202,"column":null}},"3":{"start":{"line":203,"column":0},"end":{"line":203,"column":null}},"4":{"start":{"line":213,"column":0},"end":{"line":213,"column":null}},"5":{"start":{"line":235,"column":0},"end":{"line":235,"column":null}},"6":{"start":{"line":236,"column":0},"end":{"line":236,"column":null}},"7":{"start":{"line":244,"column":0},"end":{"line":244,"column":null}},"8":{"start":{"line":248,"column":0},"end":{"line":248,"column":null}},"9":{"start":{"line":249,"column":0},"end":{"line":259,"column":null}},"10":{"start":{"line":250,"column":0},"end":{"line":250,"column":null}},"11":{"start":{"line":253,"column":0},"end":{"line":253,"column":null}},"12":{"start":{"line":254,"column":0},"end":{"line":254,"column":null}},"13":{"start":{"line":255,"column":0},"end":{"line":255,"column":null}},"14":{"start":{"line":256,"column":0},"end":{"line":256,"column":null}},"15":{"start":{"line":262,"column":0},"end":{"line":262,"column":null}},"16":{"start":{"line":265,"column":0},"end":{"line":265,"column":null}},"17":{"start":{"line":268,"column":0},"end":{"line":268,"column":null}},"18":{"start":{"line":271,"column":0},"end":{"line":271,"column":null}},"19":{"start":{"line":272,"column":0},"end":{"line":272,"column":null}},"20":{"start":{"line":273,"column":0},"end":{"line":275,"column":null}},"21":{"start":{"line":274,"column":0},"end":{"line":274,"column":null}},"22":{"start":{"line":276,"column":0},"end":{"line":285,"column":null}},"23":{"start":{"line":277,"column":0},"end":{"line":284,"column":null}},"24":{"start":{"line":278,"column":0},"end":{"line":278,"column":null}},"25":{"start":{"line":283,"column":0},"end":{"line":283,"column":null}},"26":{"start":{"line":286,"column":0},"end":{"line":286,"column":null}},"27":{"start":{"line":287,"column":0},"end":{"line":287,"column":null}},"28":{"start":{"line":291,"column":0},"end":{"line":291,"column":null}},"29":{"start":{"line":292,"column":0},"end":{"line":292,"column":null}},"30":{"start":{"line":296,"column":0},"end":{"line":296,"column":null}},"31":{"start":{"line":302,"column":0},"end":{"line":318,"column":null}},"32":{"start":{"line":303,"column":0},"end":{"line":303,"column":null}},"33":{"start":{"line":304,"column":0},"end":{"line":304,"column":null}},"34":{"start":{"line":305,"column":0},"end":{"line":305,"column":null}},"35":{"start":{"line":306,"column":0},"end":{"line":308,"column":null}},"36":{"start":{"line":307,"column":0},"end":{"line":307,"column":null}},"37":{"start":{"line":309,"column":0},"end":{"line":313,"column":null}},"38":{"start":{"line":310,"column":0},"end":{"line":310,"column":null}},"39":{"start":{"line":312,"column":0},"end":{"line":312,"column":null}},"40":{"start":{"line":314,"column":0},"end":{"line":314,"column":null}},"41":{"start":{"line":315,"column":0},"end":{"line":315,"column":null}},"42":{"start":{"line":317,"column":0},"end":{"line":317,"column":null}},"43":{"start":{"line":322,"column":0},"end":{"line":322,"column":null}},"44":{"start":{"line":328,"column":0},"end":{"line":339,"column":null}},"45":{"start":{"line":329,"column":0},"end":{"line":338,"column":null}},"46":{"start":{"line":330,"column":0},"end":{"line":337,"column":null}},"47":{"start":{"line":331,"column":0},"end":{"line":331,"column":null}},"48":{"start":{"line":332,"column":0},"end":{"line":332,"column":null}},"49":{"start":{"line":333,"column":0},"end":{"line":333,"column":null}},"50":{"start":{"line":334,"column":0},"end":{"line":334,"column":null}},"51":{"start":{"line":343,"column":0},"end":{"line":343,"column":null}},"52":{"start":{"line":348,"column":0},"end":{"line":355,"column":null}},"53":{"start":{"line":349,"column":0},"end":{"line":349,"column":null}},"54":{"start":{"line":350,"column":0},"end":{"line":350,"column":null}},"55":{"start":{"line":351,"column":0},"end":{"line":351,"column":null}},"56":{"start":{"line":352,"column":0},"end":{"line":352,"column":null}},"57":{"start":{"line":359,"column":0},"end":{"line":379,"column":null}},"58":{"start":{"line":368,"column":0},"end":{"line":368,"column":null}},"59":{"start":{"line":371,"column":0},"end":{"line":378,"column":null}},"60":{"start":{"line":372,"column":0},"end":{"line":372,"column":null}},"61":{"start":{"line":373,"column":0},"end":{"line":373,"column":null}},"62":{"start":{"line":374,"column":0},"end":{"line":374,"column":null}},"63":{"start":{"line":375,"column":0},"end":{"line":375,"column":null}},"64":{"start":{"line":383,"column":0},"end":{"line":383,"column":null}},"65":{"start":{"line":384,"column":0},"end":{"line":388,"column":null}},"66":{"start":{"line":385,"column":0},"end":{"line":387,"column":null}},"67":{"start":{"line":386,"column":0},"end":{"line":386,"column":null}},"68":{"start":{"line":389,"column":0},"end":{"line":389,"column":null}},"69":{"start":{"line":393,"column":0},"end":{"line":393,"column":null}},"70":{"start":{"line":396,"column":0},"end":{"line":396,"column":null}},"71":{"start":{"line":397,"column":0},"end":{"line":397,"column":null}},"72":{"start":{"line":398,"column":0},"end":{"line":398,"column":null}},"73":{"start":{"line":399,"column":0},"end":{"line":404,"column":null}},"74":{"start":{"line":400,"column":0},"end":{"line":400,"column":null}},"75":{"start":{"line":405,"column":0},"end":{"line":407,"column":null}},"76":{"start":{"line":406,"column":0},"end":{"line":406,"column":null}},"77":{"start":{"line":410,"column":0},"end":{"line":415,"column":null}},"78":{"start":{"line":411,"column":0},"end":{"line":411,"column":null}},"79":{"start":{"line":420,"column":0},"end":{"line":420,"column":null}},"80":{"start":{"line":423,"column":0},"end":{"line":423,"column":null}}},"fnMap":{"0":{"name":"(anonymous_1)","decl":{"start":{"line":212,"column":0},"end":{"line":212,"column":null}},"loc":{"start":{"line":212,"column":0},"end":{"line":232,"column":null}}},"1":{"name":"(anonymous_2)","decl":{"start":{"line":234,"column":0},"end":{"line":234,"column":null}},"loc":{"start":{"line":234,"column":0},"end":{"line":237,"column":null}}},"2":{"name":"(anonymous_3)","decl":{"start":{"line":243,"column":0},"end":{"line":243,"column":null}},"loc":{"start":{"line":243,"column":0},"end":{"line":245,"column":null}}},"3":{"name":"(anonymous_4)","decl":{"start":{"line":247,"column":0},"end":{"line":247,"column":null}},"loc":{"start":{"line":247,"column":0},"end":{"line":260,"column":null}}},"4":{"name":"(anonymous_5)","decl":{"start":{"line":261,"column":0},"end":{"line":261,"column":null}},"loc":{"start":{"line":261,"column":0},"end":{"line":263,"column":null}}},"5":{"name":"(anonymous_6)","decl":{"start":{"line":264,"column":0},"end":{"line":264,"column":null}},"loc":{"start":{"line":264,"column":0},"end":{"line":266,"column":null}}},"6":{"name":"(anonymous_7)","decl":{"start":{"line":267,"column":0},"end":{"line":267,"column":null}},"loc":{"start":{"line":267,"column":0},"end":{"line":269,"column":null}}},"7":{"name":"(anonymous_8)","decl":{"start":{"line":270,"column":0},"end":{"line":270,"column":null}},"loc":{"start":{"line":270,"column":0},"end":{"line":288,"column":null}}},"8":{"name":"(anonymous_9)","decl":{"start":{"line":273,"column":0},"end":{"line":273,"column":null}},"loc":{"start":{"line":273,"column":0},"end":{"line":275,"column":null}}},"9":{"name":"(anonymous_10)","decl":{"start":{"line":276,"column":0},"end":{"line":276,"column":null}},"loc":{"start":{"line":276,"column":0},"end":{"line":285,"column":null}}},"10":{"name":"(anonymous_11)","decl":{"start":{"line":290,"column":0},"end":{"line":290,"column":null}},"loc":{"start":{"line":290,"column":0},"end":{"line":293,"column":null}}},"11":{"name":"(anonymous_12)","decl":{"start":{"line":295,"column":0},"end":{"line":295,"column":null}},"loc":{"start":{"line":295,"column":0},"end":{"line":319,"column":null}}},"12":{"name":"(anonymous_13)","decl":{"start":{"line":306,"column":0},"end":{"line":306,"column":null}},"loc":{"start":{"line":306,"column":0},"end":{"line":308,"column":null}}},"13":{"name":"(anonymous_14)","decl":{"start":{"line":321,"column":0},"end":{"line":321,"column":null}},"loc":{"start":{"line":321,"column":0},"end":{"line":340,"column":null}}},"14":{"name":"(anonymous_15)","decl":{"start":{"line":328,"column":0},"end":{"line":328,"column":null}},"loc":{"start":{"line":328,"column":0},"end":{"line":339,"column":null}}},"15":{"name":"(anonymous_16)","decl":{"start":{"line":342,"column":0},"end":{"line":342,"column":null}},"loc":{"start":{"line":342,"column":0},"end":{"line":356,"column":null}}},"16":{"name":"(anonymous_17)","decl":{"start":{"line":358,"column":0},"end":{"line":358,"column":null}},"loc":{"start":{"line":358,"column":0},"end":{"line":380,"column":null}}},"17":{"name":"(anonymous_18)","decl":{"start":{"line":362,"column":0},"end":{"line":362,"column":null}},"loc":{"start":{"line":362,"column":0},"end":{"line":379,"column":null}}},"18":{"name":"(anonymous_19)","decl":{"start":{"line":382,"column":0},"end":{"line":382,"column":null}},"loc":{"start":{"line":382,"column":0},"end":{"line":390,"column":null}}},"19":{"name":"(anonymous_20)","decl":{"start":{"line":384,"column":0},"end":{"line":384,"column":null}},"loc":{"start":{"line":384,"column":0},"end":{"line":388,"column":null}}},"20":{"name":"(anonymous_21)","decl":{"start":{"line":392,"column":0},"end":{"line":392,"column":null}},"loc":{"start":{"line":392,"column":0},"end":{"line":408,"column":null}}},"21":{"name":"(anonymous_22)","decl":{"start":{"line":399,"column":0},"end":{"line":399,"column":null}},"loc":{"start":{"line":399,"column":0},"end":{"line":404,"column":null}}},"22":{"name":"(anonymous_23)","decl":{"start":{"line":409,"column":0},"end":{"line":409,"column":null}},"loc":{"start":{"line":409,"column":0},"end":{"line":416,"column":null}}},"23":{"name":"(anonymous_24)","decl":{"start":{"line":410,"column":0},"end":{"line":410,"column":null}},"loc":{"start":{"line":410,"column":0},"end":{"line":415,"column":null}}},"24":{"name":"(anonymous_25)","decl":{"start":{"line":419,"column":0},"end":{"line":419,"column":null}},"loc":{"start":{"line":419,"column":0},"end":{"line":421,"column":null}}},"25":{"name":"(anonymous_26)","decl":{"start":{"line":422,"column":0},"end":{"line":422,"column":null}},"loc":{"start":{"line":422,"column":0},"end":{"line":437,"column":null}}}},"branchMap":{"0":{"loc":{"start":{"line":277,"column":0},"end":{"line":284,"column":null}},"type":"if","locations":[{"start":{"line":277,"column":0},"end":{"line":284,"column":null}},{"start":{"line":277,"column":0},"end":{"line":284,"column":null}}]},"1":{"loc":{"start":{"line":309,"column":0},"end":{"line":313,"column":null}},"type":"if","locations":[{"start":{"line":309,"column":0},"end":{"line":313,"column":null}},{"start":{"line":309,"column":0},"end":{"line":313,"column":null}}]},"2":{"loc":{"start":{"line":329,"column":0},"end":{"line":338,"column":null}},"type":"if","locations":[{"start":{"line":329,"column":0},"end":{"line":338,"column":null}},{"start":{"line":329,"column":0},"end":{"line":338,"column":null}}]},"3":{"loc":{"start":{"line":385,"column":0},"end":{"line":387,"column":null}},"type":"if","locations":[{"start":{"line":385,"column":0},"end":{"line":387,"column":null}},{"start":{"line":385,"column":0},"end":{"line":387,"column":null}}]},"4":{"loc":{"start":{"line":405,"column":0},"end":{"line":407,"column":null}},"type":"if","locations":[{"start":{"line":405,"column":0},"end":{"line":407,"column":null}},{"start":{"line":405,"column":0},"end":{"line":407,"column":null}}]}},"s":{"0":0,"1":0,"2":0,"3":0,"4":0,"5":0,"6":0,"7":0,"8":0,"9":0,"10":0,"11":0,"12":0,"13":0,"14":0,"15":0,"16":0,"17":0,"18":0,"19":0,"20":0,"21":0,"22":0,"23":0,"24":0,"25":0,"26":0,"27":0,"28":0,"29":0,"30":0,"31":0,"32":0,"33":0,"34":0,"35":0,"36":0,"37":0,"38":0,"39":0,"40":0,"41":0,"42":0,"43":0,"44":0,"45":0,"46":0,"47":0,"48":0,"49":0,"50":0,"51":0,"52":0,"53":0,"54":0,"55":0,"56":0,"57":0,"58":0,"59":0,"60":0,"61":0,"62":0,"63":0,"64":0,"65":0,"66":0,"67":0,"68":0,"69":0,"70":0,"71":0,"72":0,"73":0,"74":0,"75":0,"76":0,"77":0,"78":0,"79":0,"80":0},"f":{"0":0,"1":0,"2":0,"3":0,"4":0,"5":0,"6":0,"7":0,"8":0,"9":0,"10":0,"11":0,"12":0,"13":0,"14":0,"15":0,"16":0,"17":0,"18":0,"19":0,"20":0,"21":0,"22":0,"23":0,"24":0,"25":0},"b":{"0":[0,0],"1":[0,0],"2":[0,0],"3":[0,0],"4":[0,0]}}
,"/Users/zhangzheng/company/test-fe/dcs-fe/DCS-console/src/views/License/Assigns.vue": {"path":"/Users/zhangzheng/company/test-fe/dcs-fe/DCS-console/src/views/License/Assigns.vue","statementMap":{"0":{"start":{"line":118,"column":0},"end":{"line":118,"column":null}},"1":{"start":{"line":119,"column":0},"end":{"line":119,"column":null}},"2":{"start":{"line":126,"column":0},"end":{"line":126,"column":null}},"3":{"start":{"line":139,"column":0},"end":{"line":139,"column":null}},"4":{"start":{"line":143,"column":0},"end":{"line":143,"column":null}},"5":{"start":{"line":148,"column":0},"end":{"line":148,"column":null}},"6":{"start":{"line":149,"column":0},"end":{"line":149,"column":null}},"7":{"start":{"line":153,"column":0},"end":{"line":153,"column":null}},"8":{"start":{"line":154,"column":0},"end":{"line":154,"column":null}},"9":{"start":{"line":156,"column":0},"end":{"line":156,"column":null}},"10":{"start":{"line":157,"column":0},"end":{"line":157,"column":null}},"11":{"start":{"line":159,"column":0},"end":{"line":159,"column":null}},"12":{"start":{"line":160,"column":0},"end":{"line":160,"column":null}},"13":{"start":{"line":162,"column":0},"end":{"line":162,"column":null}},"14":{"start":{"line":163,"column":0},"end":{"line":163,"column":null}},"15":{"start":{"line":165,"column":0},"end":{"line":165,"column":null}},"16":{"start":{"line":167,"column":0},"end":{"line":167,"column":null}},"17":{"start":{"line":174,"column":0},"end":{"line":174,"column":null}},"18":{"start":{"line":175,"column":0},"end":{"line":189,"column":null}},"19":{"start":{"line":176,"column":0},"end":{"line":176,"column":null}},"20":{"start":{"line":182,"column":0},"end":{"line":182,"column":null}},"21":{"start":{"line":183,"column":0},"end":{"line":183,"column":null}},"22":{"start":{"line":184,"column":0},"end":{"line":184,"column":null}},"23":{"start":{"line":185,"column":0},"end":{"line":185,"column":null}},"24":{"start":{"line":186,"column":0},"end":{"line":186,"column":null}},"25":{"start":{"line":188,"column":0},"end":{"line":188,"column":null}},"26":{"start":{"line":193,"column":0},"end":{"line":195,"column":null}},"27":{"start":{"line":194,"column":0},"end":{"line":194,"column":null}},"28":{"start":{"line":196,"column":0},"end":{"line":196,"column":null}},"29":{"start":{"line":200,"column":0},"end":{"line":206,"column":null}},"30":{"start":{"line":201,"column":0},"end":{"line":205,"column":null}},"31":{"start":{"line":202,"column":0},"end":{"line":202,"column":null}},"32":{"start":{"line":204,"column":0},"end":{"line":204,"column":null}},"33":{"start":{"line":210,"column":0},"end":{"line":230,"column":null}},"34":{"start":{"line":220,"column":0},"end":{"line":229,"column":null}},"35":{"start":{"line":221,"column":0},"end":{"line":221,"column":null}},"36":{"start":{"line":226,"column":0},"end":{"line":226,"column":null}},"37":{"start":{"line":235,"column":0},"end":{"line":255,"column":null}},"38":{"start":{"line":245,"column":0},"end":{"line":254,"column":null}},"39":{"start":{"line":246,"column":0},"end":{"line":246,"column":null}},"40":{"start":{"line":251,"column":0},"end":{"line":251,"column":null}}},"fnMap":{"0":{"name":"(anonymous_1)","decl":{"start":{"line":125,"column":0},"end":{"line":125,"column":null}},"loc":{"start":{"line":125,"column":0},"end":{"line":136,"column":null}}},"1":{"name":"(anonymous_2)","decl":{"start":{"line":138,"column":0},"end":{"line":138,"column":null}},"loc":{"start":{"line":138,"column":0},"end":{"line":140,"column":null}}},"2":{"name":"(anonymous_3)","decl":{"start":{"line":142,"column":0},"end":{"line":142,"column":null}},"loc":{"start":{"line":142,"column":0},"end":{"line":144,"column":null}}},"3":{"name":"(anonymous_4)","decl":{"start":{"line":147,"column":0},"end":{"line":147,"column":null}},"loc":{"start":{"line":147,"column":0},"end":{"line":150,"column":null}}},"4":{"name":"(anonymous_5)","decl":{"start":{"line":152,"column":0},"end":{"line":152,"column":null}},"loc":{"start":{"line":152,"column":0},"end":{"line":171,"column":null}}},"5":{"name":"(anonymous_6)","decl":{"start":{"line":167,"column":0},"end":{"line":167,"column":null}},"loc":{"start":{"line":167,"column":0},"end":{"line":167,"column":null}}},"6":{"name":"(anonymous_7)","decl":{"start":{"line":173,"column":0},"end":{"line":173,"column":null}},"loc":{"start":{"line":173,"column":0},"end":{"line":190,"column":null}}},"7":{"name":"(anonymous_8)","decl":{"start":{"line":192,"column":0},"end":{"line":192,"column":null}},"loc":{"start":{"line":192,"column":0},"end":{"line":197,"column":null}}},"8":{"name":"(anonymous_9)","decl":{"start":{"line":193,"column":0},"end":{"line":193,"column":null}},"loc":{"start":{"line":193,"column":0},"end":{"line":195,"column":null}}},"9":{"name":"(anonymous_10)","decl":{"start":{"line":199,"column":0},"end":{"line":199,"column":null}},"loc":{"start":{"line":199,"column":0},"end":{"line":207,"column":null}}},"10":{"name":"(anonymous_11)","decl":{"start":{"line":200,"column":0},"end":{"line":200,"column":null}},"loc":{"start":{"line":200,"column":0},"end":{"line":206,"column":null}}},"11":{"name":"(anonymous_12)","decl":{"start":{"line":209,"column":0},"end":{"line":209,"column":null}},"loc":{"start":{"line":209,"column":0},"end":{"line":232,"column":null}}},"12":{"name":"(anonymous_13)","decl":{"start":{"line":213,"column":0},"end":{"line":213,"column":null}},"loc":{"start":{"line":213,"column":0},"end":{"line":230,"column":null}}},"13":{"name":"(anonymous_14)","decl":{"start":{"line":230,"column":0},"end":{"line":230,"column":null}},"loc":{"start":{"line":230,"column":0},"end":{"line":230,"column":null}}},"14":{"name":"(anonymous_15)","decl":{"start":{"line":234,"column":0},"end":{"line":234,"column":null}},"loc":{"start":{"line":234,"column":0},"end":{"line":257,"column":null}}},"15":{"name":"(anonymous_16)","decl":{"start":{"line":238,"column":0},"end":{"line":238,"column":null}},"loc":{"start":{"line":238,"column":0},"end":{"line":255,"column":null}}},"16":{"name":"(anonymous_17)","decl":{"start":{"line":255,"column":0},"end":{"line":255,"column":null}},"loc":{"start":{"line":255,"column":0},"end":{"line":255,"column":null}}}},"branchMap":{"0":{"loc":{"start":{"line":155,"column":0},"end":{"line":157,"column":null}},"type":"switch","locations":[{"start":{"line":155,"column":0},"end":{"line":157,"column":null}},{"start":{"line":158,"column":0},"end":{"line":160,"column":null}},{"start":{"line":161,"column":0},"end":{"line":163,"column":null}},{"start":{"line":164,"column":0},"end":{"line":165,"column":null}}]},"1":{"loc":{"start":{"line":201,"column":0},"end":{"line":205,"column":null}},"type":"if","locations":[{"start":{"line":201,"column":0},"end":{"line":205,"column":null}},{"start":{"line":201,"column":0},"end":{"line":205,"column":null}}]}},"s":{"0":0,"1":0,"2":0,"3":0,"4":0,"5":0,"6":0,"7":0,"8":0,"9":0,"10":0,"11":0,"12":0,"13":0,"14":0,"15":0,"16":0,"17":0,"18":0,"19":0,"20":0,"21":0,"22":0,"23":0,"24":0,"25":0,"26":0,"27":0,"28":0,"29":0,"30":0,"31":0,"32":0,"33":0,"34":0,"35":0,"36":0,"37":0,"38":0,"39":0,"40":0},"f":{"0":0,"1":0,"2":0,"3":0,"4":0,"5":0,"6":0,"7":0,"8":0,"9":0,"10":0,"11":0,"12":0,"13":0,"14":0,"15":0,"16":0},"b":{"0":[0,0,0,0],"1":[0,0]}}
,"/Users/zhangzheng/company/test-fe/dcs-fe/DCS-console/src/views/License/Detail.vue": {"path":"/Users/zhangzheng/company/test-fe/dcs-fe/DCS-console/src/views/License/Detail.vue","statementMap":{"0":{"start":{"line":125,"column":0},"end":{"line":125,"column":null}},"1":{"start":{"line":126,"column":0},"end":{"line":126,"column":null}},"2":{"start":{"line":127,"column":0},"end":{"line":127,"column":null}},"3":{"start":{"line":128,"column":0},"end":{"line":128,"column":null}},"4":{"start":{"line":129,"column":0},"end":{"line":129,"column":null}},"5":{"start":{"line":132,"column":0},"end":{"line":132,"column":null}},"6":{"start":{"line":143,"column":0},"end":{"line":143,"column":null}},"7":{"start":{"line":147,"column":0},"end":{"line":147,"column":null}},"8":{"start":{"line":151,"column":0},"end":{"line":175,"column":null}},"9":{"start":{"line":155,"column":0},"end":{"line":155,"column":null}},"10":{"start":{"line":156,"column":0},"end":{"line":156,"column":null}},"11":{"start":{"line":157,"column":0},"end":{"line":157,"column":null}},"12":{"start":{"line":158,"column":0},"end":{"line":158,"column":null}},"13":{"start":{"line":159,"column":0},"end":{"line":159,"column":null}},"14":{"start":{"line":162,"column":0},"end":{"line":169,"column":null}},"15":{"start":{"line":163,"column":0},"end":{"line":163,"column":null}},"16":{"start":{"line":167,"column":0},"end":{"line":167,"column":null}},"17":{"start":{"line":168,"column":0},"end":{"line":168,"column":null}},"18":{"start":{"line":171,"column":0},"end":{"line":171,"column":null}},"19":{"start":{"line":172,"column":0},"end":{"line":174,"column":null}},"20":{"start":{"line":173,"column":0},"end":{"line":173,"column":null}},"21":{"start":{"line":180,"column":0},"end":{"line":185,"column":null}},"22":{"start":{"line":182,"column":0},"end":{"line":182,"column":null}},"23":{"start":{"line":184,"column":0},"end":{"line":184,"column":null}},"24":{"start":{"line":191,"column":0},"end":{"line":191,"column":null}},"25":{"start":{"line":192,"column":0},"end":{"line":197,"column":null}},"26":{"start":{"line":193,"column":0},"end":{"line":194,"column":null}},"27":{"start":{"line":196,"column":0},"end":{"line":196,"column":null}},"28":{"start":{"line":200,"column":0},"end":{"line":204,"column":null}},"29":{"start":{"line":201,"column":0},"end":{"line":201,"column":null}},"30":{"start":{"line":203,"column":0},"end":{"line":203,"column":null}},"31":{"start":{"line":209,"column":0},"end":{"line":209,"column":null}},"32":{"start":{"line":212,"column":0},"end":{"line":212,"column":null}},"33":{"start":{"line":215,"column":0},"end":{"line":215,"column":null}},"34":{"start":{"line":221,"column":0},"end":{"line":226,"column":null}},"35":{"start":{"line":233,"column":0},"end":{"line":233,"column":null}},"36":{"start":{"line":236,"column":0},"end":{"line":287,"column":null}},"37":{"start":{"line":296,"column":0},"end":{"line":296,"column":null}}},"fnMap":{"0":{"name":"(anonymous_1)","decl":{"start":{"line":131,"column":0},"end":{"line":131,"column":null}},"loc":{"start":{"line":131,"column":0},"end":{"line":140,"column":null}}},"1":{"name":"(anonymous_2)","decl":{"start":{"line":142,"column":0},"end":{"line":142,"column":null}},"loc":{"start":{"line":142,"column":0},"end":{"line":144,"column":null}}},"2":{"name":"(anonymous_3)","decl":{"start":{"line":146,"column":0},"end":{"line":146,"column":null}},"loc":{"start":{"line":146,"column":0},"end":{"line":148,"column":null}}},"3":{"name":"(anonymous_4)","decl":{"start":{"line":150,"column":0},"end":{"line":150,"column":null}},"loc":{"start":{"line":150,"column":0},"end":{"line":176,"column":null}}},"4":{"name":"(anonymous_5)","decl":{"start":{"line":177,"column":0},"end":{"line":177,"column":null}},"loc":{"start":{"line":177,"column":0},"end":{"line":177,"column":null}}},"5":{"name":"(anonymous_6)","decl":{"start":{"line":179,"column":0},"end":{"line":179,"column":null}},"loc":{"start":{"line":179,"column":0},"end":{"line":186,"column":null}}},"6":{"name":"(anonymous_7)","decl":{"start":{"line":187,"column":0},"end":{"line":187,"column":null}},"loc":{"start":{"line":187,"column":0},"end":{"line":189,"column":null}}},"7":{"name":"(anonymous_8)","decl":{"start":{"line":190,"column":0},"end":{"line":190,"column":null}},"loc":{"start":{"line":190,"column":0},"end":{"line":198,"column":null}}},"8":{"name":"(anonymous_9)","decl":{"start":{"line":199,"column":0},"end":{"line":199,"column":null}},"loc":{"start":{"line":199,"column":0},"end":{"line":205,"column":null}}},"9":{"name":"(anonymous_10)","decl":{"start":{"line":208,"column":0},"end":{"line":208,"column":null}},"loc":{"start":{"line":208,"column":0},"end":{"line":210,"column":null}}},"10":{"name":"(anonymous_11)","decl":{"start":{"line":211,"column":0},"end":{"line":211,"column":null}},"loc":{"start":{"line":211,"column":0},"end":{"line":213,"column":null}}},"11":{"name":"(anonymous_12)","decl":{"start":{"line":214,"column":0},"end":{"line":214,"column":null}},"loc":{"start":{"line":214,"column":0},"end":{"line":219,"column":null}}},"12":{"name":"(anonymous_13)","decl":{"start":{"line":220,"column":0},"end":{"line":220,"column":null}},"loc":{"start":{"line":220,"column":0},"end":{"line":231,"column":null}}},"13":{"name":"(anonymous_14)","decl":{"start":{"line":232,"column":0},"end":{"line":232,"column":null}},"loc":{"start":{"line":232,"column":0},"end":{"line":234,"column":null}}},"14":{"name":"(anonymous_15)","decl":{"start":{"line":235,"column":0},"end":{"line":235,"column":null}},"loc":{"start":{"line":235,"column":0},"end":{"line":294,"column":null}}},"15":{"name":"(anonymous_16)","decl":{"start":{"line":295,"column":0},"end":{"line":295,"column":null}},"loc":{"start":{"line":295,"column":0},"end":{"line":297,"column":null}}}},"branchMap":{"0":{"loc":{"start":{"line":162,"column":0},"end":{"line":169,"column":null}},"type":"if","locations":[{"start":{"line":162,"column":0},"end":{"line":169,"column":null}},{"start":{"line":162,"column":0},"end":{"line":169,"column":null}}]},"1":{"loc":{"start":{"line":172,"column":0},"end":{"line":174,"column":null}},"type":"if","locations":[{"start":{"line":172,"column":0},"end":{"line":174,"column":null}},{"start":{"line":172,"column":0},"end":{"line":174,"column":null}}]},"2":{"loc":{"start":{"line":172,"column":0},"end":{"line":172,"column":null}},"type":"binary-expr","locations":[{"start":{"line":172,"column":0},"end":{"line":172,"column":null}},{"start":{"line":172,"column":0},"end":{"line":172,"column":null}},{"start":{"line":172,"column":0},"end":{"line":172,"column":null}}]},"3":{"loc":{"start":{"line":180,"column":0},"end":{"line":185,"column":null}},"type":"if","locations":[{"start":{"line":180,"column":0},"end":{"line":185,"column":null}},{"start":{"line":180,"column":0},"end":{"line":185,"column":null}}]},"4":{"loc":{"start":{"line":192,"column":0},"end":{"line":197,"column":null}},"type":"if","locations":[{"start":{"line":192,"column":0},"end":{"line":197,"column":null}},{"start":{"line":192,"column":0},"end":{"line":197,"column":null}}]},"5":{"loc":{"start":{"line":199,"column":0},"end":{"line":199,"column":null}},"type":"default-arg","locations":[{"start":{"line":199,"column":0},"end":{"line":199,"column":null}}]},"6":{"loc":{"start":{"line":200,"column":0},"end":{"line":204,"column":null}},"type":"if","locations":[{"start":{"line":200,"column":0},"end":{"line":204,"column":null}},{"start":{"line":200,"column":0},"end":{"line":204,"column":null}}]},"7":{"loc":{"start":{"line":203,"column":0},"end":{"line":203,"column":null}},"type":"cond-expr","locations":[{"start":{"line":203,"column":0},"end":{"line":203,"column":null}},{"start":{"line":203,"column":0},"end":{"line":203,"column":null}}]},"8":{"loc":{"start":{"line":209,"column":0},"end":{"line":209,"column":null}},"type":"binary-expr","locations":[{"start":{"line":209,"column":0},"end":{"line":209,"column":null}},{"start":{"line":209,"column":0},"end":{"line":209,"column":null}}]},"9":{"loc":{"start":{"line":212,"column":0},"end":{"line":212,"column":null}},"type":"binary-expr","locations":[{"start":{"line":212,"column":0},"end":{"line":212,"column":null}},{"start":{"line":212,"column":0},"end":{"line":212,"column":null}}]},"10":{"loc":{"start":{"line":215,"column":0},"end":{"line":215,"column":null}},"type":"binary-expr","locations":[{"start":{"line":215,"column":0},"end":{"line":215,"column":null}},{"start":{"line":215,"column":0},"end":{"line":215,"column":null}}]},"11":{"loc":{"start":{"line":233,"column":0},"end":{"line":233,"column":null}},"type":"cond-expr","locations":[{"start":{"line":233,"column":0},"end":{"line":233,"column":null}},{"start":{"line":233,"column":0},"end":{"line":233,"column":null}}]},"12":{"loc":{"start":{"line":255,"column":0},"end":{"line":255,"column":null}},"type":"cond-expr","locations":[{"start":{"line":255,"column":0},"end":{"line":255,"column":null}},{"start":{"line":255,"column":0},"end":{"line":255,"column":null}}]}},"s":{"0":0,"1":0,"2":0,"3":0,"4":0,"5":0,"6":0,"7":0,"8":0,"9":0,"10":0,"11":0,"12":0,"13":0,"14":0,"15":0,"16":0,"17":0,"18":0,"19":0,"20":0,"21":0,"22":0,"23":0,"24":0,"25":0,"26":0,"27":0,"28":0,"29":0,"30":0,"31":0,"32":0,"33":0,"34":0,"35":0,"36":0,"37":0},"f":{"0":0,"1":0,"2":0,"3":0,"4":0,"5":0,"6":0,"7":0,"8":0,"9":0,"10":0,"11":0,"12":0,"13":0,"14":0,"15":0},"b":{"0":[0,0],"1":[0,0],"2":[0,0,0],"3":[0,0],"4":[0,0],"5":[0],"6":[0,0],"7":[0,0],"8":[0,0],"9":[0,0],"10":[0,0],"11":[0,0],"12":[0,0]}}
,"/Users/zhangzheng/company/test-fe/dcs-fe/DCS-console/src/views/User/List.vue": {"path":"/Users/zhangzheng/company/test-fe/dcs-fe/DCS-console/src/views/User/List.vue","statementMap":{"0":{"start":{"line":308,"column":0},"end":{"line":308,"column":null}},"1":{"start":{"line":309,"column":0},"end":{"line":309,"column":null}},"2":{"start":{"line":315,"column":0},"end":{"line":315,"column":null}},"3":{"start":{"line":316,"column":0},"end":{"line":316,"column":null}},"4":{"start":{"line":317,"column":0},"end":{"line":317,"column":null}},"5":{"start":{"line":320,"column":0},"end":{"line":320,"column":null}},"6":{"start":{"line":351,"column":0},"end":{"line":351,"column":null}},"7":{"start":{"line":352,"column":0},"end":{"line":352,"column":null}},"8":{"start":{"line":353,"column":0},"end":{"line":353,"column":null}},"9":{"start":{"line":358,"column":0},"end":{"line":361,"column":null}},"10":{"start":{"line":360,"column":0},"end":{"line":360,"column":null}},"11":{"start":{"line":366,"column":0},"end":{"line":366,"column":null}},"12":{"start":{"line":367,"column":0},"end":{"line":369,"column":null}},"13":{"start":{"line":368,"column":0},"end":{"line":368,"column":null}},"14":{"start":{"line":373,"column":0},"end":{"line":373,"column":null}},"15":{"start":{"line":374,"column":0},"end":{"line":376,"column":null}},"16":{"start":{"line":375,"column":0},"end":{"line":375,"column":null}},"17":{"start":{"line":380,"column":0},"end":{"line":380,"column":null}},"18":{"start":{"line":381,"column":0},"end":{"line":381,"column":null}},"19":{"start":{"line":385,"column":0},"end":{"line":389,"column":null}},"20":{"start":{"line":388,"column":0},"end":{"line":388,"column":null}},"21":{"start":{"line":393,"column":0},"end":{"line":393,"column":null}},"22":{"start":{"line":397,"column":0},"end":{"line":397,"column":null}},"23":{"start":{"line":398,"column":0},"end":{"line":400,"column":null}},"24":{"start":{"line":399,"column":0},"end":{"line":399,"column":null}},"25":{"start":{"line":404,"column":0},"end":{"line":415,"column":null}},"26":{"start":{"line":405,"column":0},"end":{"line":414,"column":null}},"27":{"start":{"line":406,"column":0},"end":{"line":413,"column":null}},"28":{"start":{"line":407,"column":0},"end":{"line":407,"column":null}},"29":{"start":{"line":408,"column":0},"end":{"line":410,"column":null}},"30":{"start":{"line":409,"column":0},"end":{"line":409,"column":null}},"31":{"start":{"line":411,"column":0},"end":{"line":411,"column":null}},"32":{"start":{"line":412,"column":0},"end":{"line":412,"column":null}},"33":{"start":{"line":418,"column":0},"end":{"line":418,"column":null}},"34":{"start":{"line":424,"column":0},"end":{"line":431,"column":null}},"35":{"start":{"line":425,"column":0},"end":{"line":425,"column":null}},"36":{"start":{"line":426,"column":0},"end":{"line":426,"column":null}},"37":{"start":{"line":427,"column":0},"end":{"line":427,"column":null}},"38":{"start":{"line":428,"column":0},"end":{"line":428,"column":null}},"39":{"start":{"line":430,"column":0},"end":{"line":430,"column":null}},"40":{"start":{"line":435,"column":0},"end":{"line":435,"column":null}},"41":{"start":{"line":436,"column":0},"end":{"line":436,"column":null}},"42":{"start":{"line":440,"column":0},"end":{"line":440,"column":null}},"43":{"start":{"line":441,"column":0},"end":{"line":441,"column":null}},"44":{"start":{"line":445,"column":0},"end":{"line":445,"column":null}},"45":{"start":{"line":446,"column":0},"end":{"line":446,"column":null}},"46":{"start":{"line":450,"column":0},"end":{"line":450,"column":null}},"47":{"start":{"line":451,"column":0},"end":{"line":461,"column":null}},"48":{"start":{"line":452,"column":0},"end":{"line":452,"column":null}},"49":{"start":{"line":456,"column":0},"end":{"line":456,"column":null}},"50":{"start":{"line":457,"column":0},"end":{"line":457,"column":null}},"51":{"start":{"line":458,"column":0},"end":{"line":458,"column":null}},"52":{"start":{"line":465,"column":0},"end":{"line":482,"column":null}},"53":{"start":{"line":466,"column":0},"end":{"line":481,"column":null}},"54":{"start":{"line":467,"column":0},"end":{"line":480,"column":null}},"55":{"start":{"line":468,"column":0},"end":{"line":468,"column":null}},"56":{"start":{"line":474,"column":0},"end":{"line":474,"column":null}},"57":{"start":{"line":475,"column":0},"end":{"line":475,"column":null}},"58":{"start":{"line":476,"column":0},"end":{"line":476,"column":null}},"59":{"start":{"line":477,"column":0},"end":{"line":477,"column":null}},"60":{"start":{"line":486,"column":0},"end":{"line":500,"column":null}},"61":{"start":{"line":487,"column":0},"end":{"line":499,"column":null}},"62":{"start":{"line":488,"column":0},"end":{"line":498,"column":null}},"63":{"start":{"line":489,"column":0},"end":{"line":489,"column":null}},"64":{"start":{"line":493,"column":0},"end":{"line":493,"column":null}},"65":{"start":{"line":494,"column":0},"end":{"line":494,"column":null}},"66":{"start":{"line":495,"column":0},"end":{"line":495,"column":null}},"67":{"start":{"line":504,"column":0},"end":{"line":504,"column":null}},"68":{"start":{"line":510,"column":0},"end":{"line":510,"column":null}},"69":{"start":{"line":511,"column":0},"end":{"line":511,"column":null}},"70":{"start":{"line":512,"column":0},"end":{"line":512,"column":null}},"71":{"start":{"line":513,"column":0},"end":{"line":513,"column":null}},"72":{"start":{"line":514,"column":0},"end":{"line":516,"column":null}},"73":{"start":{"line":515,"column":0},"end":{"line":515,"column":null}},"74":{"start":{"line":517,"column":0},"end":{"line":519,"column":null}},"75":{"start":{"line":518,"column":0},"end":{"line":518,"column":null}},"76":{"start":{"line":520,"column":0},"end":{"line":522,"column":null}},"77":{"start":{"line":521,"column":0},"end":{"line":521,"column":null}},"78":{"start":{"line":526,"column":0},"end":{"line":526,"column":null}},"79":{"start":{"line":527,"column":0},"end":{"line":527,"column":null}},"80":{"start":{"line":528,"column":0},"end":{"line":528,"column":null}},"81":{"start":{"line":529,"column":0},"end":{"line":529,"column":null}},"82":{"start":{"line":534,"column":0},"end":{"line":534,"column":null}},"83":{"start":{"line":537,"column":0},"end":{"line":537,"column":null}},"84":{"start":{"line":540,"column":0},"end":{"line":540,"column":null}},"85":{"start":{"line":541,"column":0},"end":{"line":543,"column":null}},"86":{"start":{"line":542,"column":0},"end":{"line":542,"column":null}},"87":{"start":{"line":546,"column":0},"end":{"line":546,"column":null}},"88":{"start":{"line":547,"column":0},"end":{"line":547,"column":null}},"89":{"start":{"line":548,"column":0},"end":{"line":550,"column":null}},"90":{"start":{"line":549,"column":0},"end":{"line":549,"column":null}}},"fnMap":{"0":{"name":"(anonymous_1)","decl":{"start":{"line":319,"column":0},"end":{"line":319,"column":null}},"loc":{"start":{"line":319,"column":0},"end":{"line":345,"column":null}}},"1":{"name":"(anonymous_2)","decl":{"start":{"line":350,"column":0},"end":{"line":350,"column":null}},"loc":{"start":{"line":350,"column":0},"end":{"line":354,"column":null}}},"2":{"name":"(anonymous_3)","decl":{"start":{"line":357,"column":0},"end":{"line":357,"column":null}},"loc":{"start":{"line":357,"column":0},"end":{"line":363,"column":null}}},"3":{"name":"(anonymous_4)","decl":{"start":{"line":358,"column":0},"end":{"line":358,"column":null}},"loc":{"start":{"line":358,"column":0},"end":{"line":361,"column":null}}},"4":{"name":"(anonymous_5)","decl":{"start":{"line":365,"column":0},"end":{"line":365,"column":null}},"loc":{"start":{"line":365,"column":0},"end":{"line":370,"column":null}}},"5":{"name":"(anonymous_6)","decl":{"start":{"line":367,"column":0},"end":{"line":367,"column":null}},"loc":{"start":{"line":367,"column":0},"end":{"line":369,"column":null}}},"6":{"name":"(anonymous_7)","decl":{"start":{"line":372,"column":0},"end":{"line":372,"column":null}},"loc":{"start":{"line":372,"column":0},"end":{"line":377,"column":null}}},"7":{"name":"(anonymous_8)","decl":{"start":{"line":374,"column":0},"end":{"line":374,"column":null}},"loc":{"start":{"line":374,"column":0},"end":{"line":376,"column":null}}},"8":{"name":"(anonymous_9)","decl":{"start":{"line":379,"column":0},"end":{"line":379,"column":null}},"loc":{"start":{"line":379,"column":0},"end":{"line":382,"column":null}}},"9":{"name":"(anonymous_10)","decl":{"start":{"line":384,"column":0},"end":{"line":384,"column":null}},"loc":{"start":{"line":384,"column":0},"end":{"line":391,"column":null}}},"10":{"name":"(anonymous_11)","decl":{"start":{"line":385,"column":0},"end":{"line":385,"column":null}},"loc":{"start":{"line":385,"column":0},"end":{"line":389,"column":null}}},"11":{"name":"(anonymous_12)","decl":{"start":{"line":392,"column":0},"end":{"line":392,"column":null}},"loc":{"start":{"line":392,"column":0},"end":{"line":394,"column":null}}},"12":{"name":"(anonymous_13)","decl":{"start":{"line":396,"column":0},"end":{"line":396,"column":null}},"loc":{"start":{"line":396,"column":0},"end":{"line":401,"column":null}}},"13":{"name":"(anonymous_14)","decl":{"start":{"line":398,"column":0},"end":{"line":398,"column":null}},"loc":{"start":{"line":398,"column":0},"end":{"line":400,"column":null}}},"14":{"name":"(anonymous_15)","decl":{"start":{"line":403,"column":0},"end":{"line":403,"column":null}},"loc":{"start":{"line":403,"column":0},"end":{"line":416,"column":null}}},"15":{"name":"(anonymous_16)","decl":{"start":{"line":404,"column":0},"end":{"line":404,"column":null}},"loc":{"start":{"line":404,"column":0},"end":{"line":415,"column":null}}},"16":{"name":"(anonymous_17)","decl":{"start":{"line":417,"column":0},"end":{"line":417,"column":null}},"loc":{"start":{"line":417,"column":0},"end":{"line":432,"column":null}}},"17":{"name":"(anonymous_18)","decl":{"start":{"line":434,"column":0},"end":{"line":434,"column":null}},"loc":{"start":{"line":434,"column":0},"end":{"line":437,"column":null}}},"18":{"name":"(anonymous_19)","decl":{"start":{"line":439,"column":0},"end":{"line":439,"column":null}},"loc":{"start":{"line":439,"column":0},"end":{"line":442,"column":null}}},"19":{"name":"(anonymous_20)","decl":{"start":{"line":444,"column":0},"end":{"line":444,"column":null}},"loc":{"start":{"line":444,"column":0},"end":{"line":447,"column":null}}},"20":{"name":"(anonymous_21)","decl":{"start":{"line":449,"column":0},"end":{"line":449,"column":null}},"loc":{"start":{"line":449,"column":0},"end":{"line":462,"column":null}}},"21":{"name":"(anonymous_22)","decl":{"start":{"line":464,"column":0},"end":{"line":464,"column":null}},"loc":{"start":{"line":464,"column":0},"end":{"line":483,"column":null}}},"22":{"name":"(anonymous_23)","decl":{"start":{"line":465,"column":0},"end":{"line":465,"column":null}},"loc":{"start":{"line":465,"column":0},"end":{"line":482,"column":null}}},"23":{"name":"(anonymous_24)","decl":{"start":{"line":485,"column":0},"end":{"line":485,"column":null}},"loc":{"start":{"line":485,"column":0},"end":{"line":501,"column":null}}},"24":{"name":"(anonymous_25)","decl":{"start":{"line":486,"column":0},"end":{"line":486,"column":null}},"loc":{"start":{"line":486,"column":0},"end":{"line":500,"column":null}}},"25":{"name":"(anonymous_26)","decl":{"start":{"line":503,"column":0},"end":{"line":503,"column":null}},"loc":{"start":{"line":503,"column":0},"end":{"line":523,"column":null}}},"26":{"name":"(anonymous_27)","decl":{"start":{"line":525,"column":0},"end":{"line":525,"column":null}},"loc":{"start":{"line":525,"column":0},"end":{"line":530,"column":null}}},"27":{"name":"(anonymous_28)","decl":{"start":{"line":533,"column":0},"end":{"line":533,"column":null}},"loc":{"start":{"line":533,"column":0},"end":{"line":535,"column":null}}},"28":{"name":"(anonymous_29)","decl":{"start":{"line":536,"column":0},"end":{"line":536,"column":null}},"loc":{"start":{"line":536,"column":0},"end":{"line":538,"column":null}}},"29":{"name":"(anonymous_30)","decl":{"start":{"line":539,"column":0},"end":{"line":539,"column":null}},"loc":{"start":{"line":539,"column":0},"end":{"line":544,"column":null}}},"30":{"name":"(anonymous_31)","decl":{"start":{"line":541,"column":0},"end":{"line":541,"column":null}},"loc":{"start":{"line":541,"column":0},"end":{"line":543,"column":null}}},"31":{"name":"(anonymous_32)","decl":{"start":{"line":545,"column":0},"end":{"line":545,"column":null}},"loc":{"start":{"line":545,"column":0},"end":{"line":551,"column":null}}},"32":{"name":"(anonymous_33)","decl":{"start":{"line":548,"column":0},"end":{"line":548,"column":null}},"loc":{"start":{"line":548,"column":0},"end":{"line":550,"column":null}}}},"branchMap":{"0":{"loc":{"start":{"line":358,"column":0},"end":{"line":361,"column":null}},"type":"cond-expr","locations":[{"start":{"line":358,"column":0},"end":{"line":361,"column":null}},{"start":{"line":361,"column":0},"end":{"line":361,"column":null}}]},"1":{"loc":{"start":{"line":366,"column":0},"end":{"line":366,"column":null}},"type":"if","locations":[{"start":{"line":366,"column":0},"end":{"line":366,"column":null}},{"start":{"line":366,"column":0},"end":{"line":366,"column":null}}]},"2":{"loc":{"start":{"line":373,"column":0},"end":{"line":373,"column":null}},"type":"if","locations":[{"start":{"line":373,"column":0},"end":{"line":373,"column":null}},{"start":{"line":373,"column":0},"end":{"line":373,"column":null}}]},"3":{"loc":{"start":{"line":385,"column":0},"end":{"line":385,"column":null}},"type":"binary-expr","locations":[{"start":{"line":385,"column":0},"end":{"line":385,"column":null}},{"start":{"line":385,"column":0},"end":{"line":389,"column":null}}]},"4":{"loc":{"start":{"line":405,"column":0},"end":{"line":414,"column":null}},"type":"if","locations":[{"start":{"line":405,"column":0},"end":{"line":414,"column":null}},{"start":{"line":405,"column":0},"end":{"line":414,"column":null}}]},"5":{"loc":{"start":{"line":406,"column":0},"end":{"line":413,"column":null}},"type":"if","locations":[{"start":{"line":406,"column":0},"end":{"line":413,"column":null}},{"start":{"line":406,"column":0},"end":{"line":413,"column":null}}]},"6":{"loc":{"start":{"line":408,"column":0},"end":{"line":410,"column":null}},"type":"if","locations":[{"start":{"line":408,"column":0},"end":{"line":410,"column":null}},{"start":{"line":408,"column":0},"end":{"line":410,"column":null}}]},"7":{"loc":{"start":{"line":466,"column":0},"end":{"line":481,"column":null}},"type":"if","locations":[{"start":{"line":466,"column":0},"end":{"line":481,"column":null}},{"start":{"line":466,"column":0},"end":{"line":481,"column":null}}]},"8":{"loc":{"start":{"line":471,"column":0},"end":{"line":471,"column":null}},"type":"cond-expr","locations":[{"start":{"line":471,"column":0},"end":{"line":471,"column":null}},{"start":{"line":471,"column":0},"end":{"line":471,"column":null}}]},"9":{"loc":{"start":{"line":487,"column":0},"end":{"line":499,"column":null}},"type":"if","locations":[{"start":{"line":487,"column":0},"end":{"line":499,"column":null}},{"start":{"line":487,"column":0},"end":{"line":499,"column":null}}]},"10":{"loc":{"start":{"line":514,"column":0},"end":{"line":516,"column":null}},"type":"if","locations":[{"start":{"line":514,"column":0},"end":{"line":516,"column":null}},{"start":{"line":514,"column":0},"end":{"line":516,"column":null}}]},"11":{"loc":{"start":{"line":517,"column":0},"end":{"line":519,"column":null}},"type":"if","locations":[{"start":{"line":517,"column":0},"end":{"line":519,"column":null}},{"start":{"line":517,"column":0},"end":{"line":519,"column":null}}]},"12":{"loc":{"start":{"line":520,"column":0},"end":{"line":522,"column":null}},"type":"if","locations":[{"start":{"line":520,"column":0},"end":{"line":522,"column":null}},{"start":{"line":520,"column":0},"end":{"line":522,"column":null}}]},"13":{"loc":{"start":{"line":540,"column":0},"end":{"line":540,"column":null}},"type":"if","locations":[{"start":{"line":540,"column":0},"end":{"line":540,"column":null}},{"start":{"line":540,"column":0},"end":{"line":540,"column":null}}]},"14":{"loc":{"start":{"line":547,"column":0},"end":{"line":547,"column":null}},"type":"if","locations":[{"start":{"line":547,"column":0},"end":{"line":547,"column":null}},{"start":{"line":547,"column":0},"end":{"line":547,"column":null}}]}},"s":{"0":0,"1":0,"2":0,"3":0,"4":0,"5":0,"6":0,"7":0,"8":0,"9":0,"10":0,"11":0,"12":0,"13":0,"14":0,"15":0,"16":0,"17":0,"18":0,"19":0,"20":0,"21":0,"22":0,"23":0,"24":0,"25":0,"26":0,"27":0,"28":0,"29":0,"30":0,"31":0,"32":0,"33":0,"34":0,"35":0,"36":0,"37":0,"38":0,"39":0,"40":0,"41":0,"42":0,"43":0,"44":0,"45":0,"46":0,"47":0,"48":0,"49":0,"50":0,"51":0,"52":0,"53":0,"54":0,"55":0,"56":0,"57":0,"58":0,"59":0,"60":0,"61":0,"62":0,"63":0,"64":0,"65":0,"66":0,"67":0,"68":0,"69":0,"70":0,"71":0,"72":0,"73":0,"74":0,"75":0,"76":0,"77":0,"78":0,"79":0,"80":0,"81":0,"82":0,"83":0,"84":0,"85":0,"86":0,"87":0,"88":0,"89":0,"90":0},"f":{"0":0,"1":0,"2":0,"3":0,"4":0,"5":0,"6":0,"7":0,"8":0,"9":0,"10":0,"11":0,"12":0,"13":0,"14":0,"15":0,"16":0,"17":0,"18":0,"19":0,"20":0,"21":0,"22":0,"23":0,"24":0,"25":0,"26":0,"27":0,"28":0,"29":0,"30":0,"31":0,"32":0},"b":{"0":[0,0],"1":[0,0],"2":[0,0],"3":[0,0],"4":[0,0],"5":[0,0],"6":[0,0],"7":[0,0],"8":[0,0],"9":[0,0],"10":[0,0],"11":[0,0],"12":[0,0],"13":[0,0],"14":[0,0]}}
}
