TN:
SF:/Users/zhangzheng/company/test-fe/dcs-fe/DCS-console/src/views/Account/AddInfo.vue
FN:142,(anonymous_1)
FN:163,(anonymous_2)
FN:178,(anonymous_3)
FN:191,(anonymous_4)
FN:194,(anonymous_5)
FNF:5
FNH:0
FNDA:0,(anonymous_1)
FNDA:0,(anonymous_2)
FNDA:0,(anonymous_3)
FNDA:0,(anonymous_4)
FNDA:0,(anonymous_5)
DA:136,0
DA:137,0
DA:138,0
DA:139,0
DA:140,0
DA:143,0
DA:164,0
DA:178,0
DA:179,0
DA:180,0
DA:181,0
DA:182,0
DA:183,0
DA:192,0
DA:195,0
DA:196,0
LF:16
LH:0
BRDA:173,0,0,0
BRDA:173,0,1,0
BRDA:179,1,0,0
BRDA:179,1,1,0
BRDA:196,2,0,0
BRDA:196,2,1,0
BRF:6
BRH:0
end_of_record
TN:
SF:/Users/zhangzheng/company/test-fe/dcs-fe/DCS-console/src/views/Account/CompanyInfo.vue
FN:88,(anonymous_1)
FN:102,(anonymous_2)
FN:117,(anonymous_3)
FN:126,(anonymous_4)
FN:135,(anonymous_5)
FN:141,(anonymous_6)
FN:149,(anonymous_7)
FN:152,(anonymous_8)
FN:153,(anonymous_9)
FN:172,(anonymous_10)
FN:175,(anonymous_11)
FN:178,(anonymous_12)
FN:181,(anonymous_13)
FN:183,(anonymous_14)
FNF:14
FNH:0
FNDA:0,(anonymous_1)
FNDA:0,(anonymous_2)
FNDA:0,(anonymous_3)
FNDA:0,(anonymous_4)
FNDA:0,(anonymous_5)
FNDA:0,(anonymous_6)
FNDA:0,(anonymous_7)
FNDA:0,(anonymous_8)
FNDA:0,(anonymous_9)
FNDA:0,(anonymous_10)
FNDA:0,(anonymous_11)
FNDA:0,(anonymous_12)
FNDA:0,(anonymous_13)
FNDA:0,(anonymous_14)
DA:83,0
DA:84,0
DA:85,0
DA:86,0
DA:89,0
DA:103,0
DA:104,0
DA:113,0
DA:118,0
DA:126,0
DA:127,0
DA:128,0
DA:129,0
DA:130,0
DA:131,0
DA:135,0
DA:138,0
DA:139,0
DA:144,0
DA:150,0
DA:154,0
DA:155,0
DA:156,0
DA:157,0
DA:158,0
DA:160,0
DA:161,0
DA:164,0
DA:173,0
DA:176,0
DA:179,0
DA:182,0
DA:183,0
DA:184,0
LF:34
LH:0
BRDA:103,0,0,0
BRDA:103,0,1,0
BRDA:127,1,0,0
BRDA:127,1,1,0
BRDA:138,2,0,0
BRDA:138,2,1,0
BRDA:156,3,0,0
BRDA:156,3,1,0
BRDA:160,4,0,0
BRDA:160,4,1,0
BRDA:182,5,0,0
BRDA:182,5,1,0
BRF:12
BRH:0
end_of_record
TN:
SF:/Users/zhangzheng/company/test-fe/dcs-fe/DCS-console/src/views/Account/ForgotPwd.vue
FN:57,(anonymous_1)
FN:68,(anonymous_2)
FN:73,(anonymous_3)
FN:74,(anonymous_4)
FNF:4
FNH:0
FNDA:0,(anonymous_1)
FNDA:0,(anonymous_2)
FNDA:0,(anonymous_3)
FNDA:0,(anonymous_4)
DA:53,0
DA:54,0
DA:55,0
DA:58,0
DA:69,0
DA:74,0
DA:75,0
DA:76,0
DA:77,0
DA:80,0
DA:85,0
LF:11
LH:0
BRDA:75,0,0,0
BRDA:75,0,1,0
BRF:2
BRH:0
end_of_record
TN:
SF:/Users/zhangzheng/company/test-fe/dcs-fe/DCS-console/src/views/Account/Helps.vue
FNF:0
FNH:0
DA:12,0
LF:1
LH:0
BRF:0
BRH:0
end_of_record
TN:
SF:/Users/zhangzheng/company/test-fe/dcs-fe/DCS-console/src/views/Account/Login.vue
FN:75,(anonymous_1)
FN:87,(anonymous_2)
FN:92,(anonymous_3)
FN:95,(anonymous_4)
FN:102,(anonymous_5)
FN:113,(anonymous_6)
FNF:6
FNH:2
FNDA:1,(anonymous_1)
FNDA:0,(anonymous_2)
FNDA:0,(anonymous_3)
FNDA:0,(anonymous_4)
FNDA:0,(anonymous_5)
FNDA:1,(anonymous_6)
DA:73,1
DA:76,1
DA:88,0
DA:92,0
DA:93,0
DA:94,0
DA:95,0
DA:98,0
DA:99,0
DA:104,0
DA:107,0
DA:114,1
LF:12
LH:3
BRDA:93,0,0,0
BRDA:93,0,1,0
BRF:2
BRH:0
end_of_record
TN:
SF:/Users/zhangzheng/company/test-fe/dcs-fe/DCS-console/src/views/Account/ModifyPwd.vue
FN:53,(anonymous_1)
FN:66,(anonymous_2)
FN:72,(anonymous_3)
FN:83,(anonymous_4)
FN:96,(anonymous_5)
FN:97,(anonymous_6)
FN:107,(anonymous_7)
FNF:7
FNH:0
FNDA:0,(anonymous_1)
FNDA:0,(anonymous_2)
FNDA:0,(anonymous_3)
FNDA:0,(anonymous_4)
FNDA:0,(anonymous_5)
FNDA:0,(anonymous_6)
FNDA:0,(anonymous_7)
DA:50,0
DA:51,0
DA:54,0
DA:67,0
DA:72,0
DA:73,0
DA:74,0
DA:75,0
DA:76,0
DA:77,0
DA:81,0
DA:82,0
DA:83,0
DA:84,0
DA:89,0
DA:92,0
DA:97,0
DA:98,0
DA:99,0
DA:101,0
DA:108,0
LF:21
LH:0
BRDA:73,0,0,0
BRDA:73,0,1,0
BRF:2
BRH:0
end_of_record
TN:
SF:/Users/zhangzheng/company/test-fe/dcs-fe/DCS-console/src/views/Account/Register.vue
FN:106,(anonymous_1)
FN:126,(anonymous_2)
FN:128,(anonymous_3)
FN:136,(anonymous_4)
FN:150,(anonymous_5)
FN:157,(anonymous_6)
FN:173,(anonymous_7)
FN:175,(anonymous_8)
FN:182,(anonymous_9)
FN:186,(anonymous_10)
FN:193,(anonymous_11)
FNF:11
FNH:0
FNDA:0,(anonymous_1)
FNDA:0,(anonymous_2)
FNDA:0,(anonymous_3)
FNDA:0,(anonymous_4)
FNDA:0,(anonymous_5)
FNDA:0,(anonymous_6)
FNDA:0,(anonymous_7)
FNDA:0,(anonymous_8)
FNDA:0,(anonymous_9)
FNDA:0,(anonymous_10)
FNDA:0,(anonymous_11)
DA:102,0
DA:103,0
DA:104,0
DA:107,0
DA:127,0
DA:128,0
DA:129,0
DA:130,0
DA:131,0
DA:135,0
DA:136,0
DA:137,0
DA:138,0
DA:140,0
DA:144,0
DA:151,0
DA:157,0
DA:158,0
DA:159,0
DA:160,0
DA:161,0
DA:163,0
DA:168,0
DA:174,0
DA:180,0
DA:187,0
DA:188,0
DA:189,0
DA:194,0
LF:29
LH:0
BRDA:127,0,0,0
BRDA:127,0,1,0
BRDA:129,1,0,0
BRDA:129,1,1,0
BRDA:137,2,0,0
BRDA:137,2,1,0
BRDA:158,3,0,0
BRDA:158,3,1,0
BRF:8
BRH:0
end_of_record
TN:
SF:/Users/zhangzheng/company/test-fe/dcs-fe/DCS-console/src/views/Account/ResetPwd.vue
FN:72,(anonymous_1)
FN:85,(anonymous_2)
FN:90,(anonymous_3)
FN:91,(anonymous_4)
FN:110,(anonymous_5)
FNF:5
FNH:0
FNDA:0,(anonymous_1)
FNDA:0,(anonymous_2)
FNDA:0,(anonymous_3)
FNDA:0,(anonymous_4)
FNDA:0,(anonymous_5)
DA:68,0
DA:69,0
DA:70,0
DA:73,0
DA:86,0
DA:91,0
DA:92,0
DA:93,0
DA:94,0
DA:99,0
DA:104,0
DA:111,0
LF:12
LH:0
BRDA:92,0,0,0
BRDA:92,0,1,0
BRF:2
BRH:0
end_of_record
TN:
SF:/Users/zhangzheng/company/test-fe/dcs-fe/DCS-console/src/views/Account/UserInfo.vue
FN:51,(anonymous_1)
FN:65,(anonymous_2)
FN:80,(anonymous_3)
FN:89,(anonymous_4)
FN:98,(anonymous_5)
FN:104,(anonymous_6)
FN:112,(anonymous_7)
FN:115,(anonymous_8)
FN:116,(anonymous_9)
FN:132,(anonymous_10)
FN:135,(anonymous_11)
FN:138,(anonymous_12)
FN:141,(anonymous_13)
FN:143,(anonymous_14)
FNF:14
FNH:0
FNDA:0,(anonymous_1)
FNDA:0,(anonymous_2)
FNDA:0,(anonymous_3)
FNDA:0,(anonymous_4)
FNDA:0,(anonymous_5)
FNDA:0,(anonymous_6)
FNDA:0,(anonymous_7)
FNDA:0,(anonymous_8)
FNDA:0,(anonymous_9)
FNDA:0,(anonymous_10)
FNDA:0,(anonymous_11)
FNDA:0,(anonymous_12)
FNDA:0,(anonymous_13)
FNDA:0,(anonymous_14)
DA:47,0
DA:48,0
DA:49,0
DA:52,0
DA:66,0
DA:67,0
DA:76,0
DA:81,0
DA:89,0
DA:90,0
DA:91,0
DA:92,0
DA:93,0
DA:94,0
DA:98,0
DA:101,0
DA:102,0
DA:107,0
DA:113,0
DA:117,0
DA:118,0
DA:119,0
DA:120,0
DA:121,0
DA:123,0
DA:124,0
DA:127,0
DA:133,0
DA:136,0
DA:139,0
DA:142,0
DA:143,0
DA:144,0
LF:33
LH:0
BRDA:66,0,0,0
BRDA:66,0,1,0
BRDA:90,1,0,0
BRDA:90,1,1,0
BRDA:101,2,0,0
BRDA:101,2,1,0
BRDA:119,3,0,0
BRDA:119,3,1,0
BRDA:123,4,0,0
BRDA:123,4,1,0
BRDA:142,5,0,0
BRDA:142,5,1,0
BRF:12
BRH:0
end_of_record
TN:
SF:/Users/zhangzheng/company/test-fe/dcs-fe/DCS-console/src/views/Event/Detail.vue
FN:288,(anonymous_1)
FN:304,(anonymous_2)
FN:310,(anonymous_3)
FN:322,(anonymous_4)
FN:334,(anonymous_5)
FN:338,(anonymous_6)
FN:354,(anonymous_7)
FN:357,(anonymous_8)
FN:361,(anonymous_9)
FN:377,(anonymous_10)
FN:380,(anonymous_11)
FN:384,(anonymous_12)
FN:386,(anonymous_13)
FN:400,(anonymous_14)
FN:402,(anonymous_15)
FN:416,(anonymous_16)
FN:420,(anonymous_17)
FN:436,(anonymous_18)
FN:440,(anonymous_19)
FN:443,(anonymous_20)
FN:456,(anonymous_21)
FN:460,(anonymous_22)
FN:467,(anonymous_23)
FN:470,(anonymous_24)
FN:474,(anonymous_25)
FN:480,(anonymous_26)
FNF:26
FNH:0
FNDA:0,(anonymous_1)
FNDA:0,(anonymous_2)
FNDA:0,(anonymous_3)
FNDA:0,(anonymous_4)
FNDA:0,(anonymous_5)
FNDA:0,(anonymous_6)
FNDA:0,(anonymous_7)
FNDA:0,(anonymous_8)
FNDA:0,(anonymous_9)
FNDA:0,(anonymous_10)
FNDA:0,(anonymous_11)
FNDA:0,(anonymous_12)
FNDA:0,(anonymous_13)
FNDA:0,(anonymous_14)
FNDA:0,(anonymous_15)
FNDA:0,(anonymous_16)
FNDA:0,(anonymous_17)
FNDA:0,(anonymous_18)
FNDA:0,(anonymous_19)
FNDA:0,(anonymous_20)
FNDA:0,(anonymous_21)
FNDA:0,(anonymous_22)
FNDA:0,(anonymous_23)
FNDA:0,(anonymous_24)
FNDA:0,(anonymous_25)
FNDA:0,(anonymous_26)
DA:275,0
DA:284,0
DA:285,0
DA:286,0
DA:289,0
DA:305,0
DA:306,0
DA:311,0
DA:312,0
DA:313,0
DA:316,0
DA:317,0
DA:323,0
DA:324,0
DA:325,0
DA:328,0
DA:329,0
DA:335,0
DA:345,0
DA:346,0
DA:349,0
DA:350,0
DA:358,0
DA:368,0
DA:369,0
DA:372,0
DA:373,0
DA:381,0
DA:385,0
DA:386,0
DA:387,0
DA:388,0
DA:392,0
DA:393,0
DA:394,0
DA:395,0
DA:401,0
DA:402,0
DA:403,0
DA:404,0
DA:408,0
DA:409,0
DA:410,0
DA:411,0
DA:417,0
DA:427,0
DA:428,0
DA:432,0
DA:434,0
DA:441,0
DA:444,0
DA:446,0
DA:448,0
DA:451,0
DA:453,0
DA:457,0
DA:458,0
DA:461,0
DA:468,0
DA:471,0
DA:472,0
DA:475,0
DA:476,0
DA:478,0
DA:481,0
DA:482,0
DA:484,0
LF:67
LH:0
BRDA:387,0,0,0
BRDA:387,0,1,0
BRDA:403,1,0,0
BRDA:403,1,1,0
BRDA:445,2,0,0
BRDA:445,2,1,0
BRDA:445,2,2,0
BRDA:445,2,3,0
BRDA:445,2,4,0
BRDA:472,3,0,0
BRDA:472,3,1,0
BRDA:475,4,0,0
BRDA:475,4,1,0
BRDA:481,5,0,0
BRDA:481,5,1,0
BRF:15
BRH:0
end_of_record
TN:
SF:/Users/zhangzheng/company/test-fe/dcs-fe/DCS-console/src/views/Event/List.vue
FN:133,(anonymous_1)
FN:155,(anonymous_2)
FN:160,(anonymous_3)
FN:182,(anonymous_4)
FN:193,(anonymous_5)
FN:195,(anonymous_6)
FN:200,(anonymous_7)
FN:203,(anonymous_8)
FN:218,(anonymous_9)
FN:222,(anonymous_10)
FNF:10
FNH:0
FNDA:0,(anonymous_1)
FNDA:0,(anonymous_2)
FNDA:0,(anonymous_3)
FNDA:0,(anonymous_4)
FNDA:0,(anonymous_5)
FNDA:0,(anonymous_6)
FNDA:0,(anonymous_7)
FNDA:0,(anonymous_8)
FNDA:0,(anonymous_9)
FNDA:0,(anonymous_10)
DA:130,0
DA:131,0
DA:134,0
DA:156,0
DA:157,0
DA:161,0
DA:162,0
DA:163,0
DA:164,0
DA:169,0
DA:170,0
DA:172,0
DA:173,0
DA:174,0
DA:175,0
DA:176,0
DA:177,0
DA:183,0
DA:184,0
DA:187,0
DA:196,0
DA:197,0
DA:201,0
DA:204,0
DA:206,0
DA:208,0
DA:211,0
DA:213,0
DA:219,0
DA:220,0
DA:223,0
LF:31
LH:0
BRDA:161,0,0,0
BRDA:161,0,1,0
BRDA:169,1,0,0
BRDA:169,1,1,0
BRDA:170,2,0,0
BRDA:170,2,1,0
BRDA:172,3,0,0
BRDA:172,3,1,0
BRDA:174,4,0,0
BRDA:174,4,1,0
BRDA:205,5,0,0
BRDA:205,5,1,0
BRDA:205,5,2,0
BRDA:205,5,3,0
BRDA:205,5,4,0
BRDA:220,6,0,0
BRDA:220,6,1,0
BRF:17
BRH:0
end_of_record
TN:
SF:/Users/zhangzheng/company/test-fe/dcs-fe/DCS-console/src/views/Grading/List.vue
FN:212,(anonymous_1)
FN:234,(anonymous_2)
FN:243,(anonymous_3)
FN:247,(anonymous_4)
FN:261,(anonymous_5)
FN:264,(anonymous_6)
FN:267,(anonymous_7)
FN:270,(anonymous_8)
FN:273,(anonymous_9)
FN:276,(anonymous_10)
FN:290,(anonymous_11)
FN:295,(anonymous_12)
FN:306,(anonymous_13)
FN:321,(anonymous_14)
FN:328,(anonymous_15)
FN:342,(anonymous_16)
FN:358,(anonymous_17)
FN:362,(anonymous_18)
FN:382,(anonymous_19)
FN:384,(anonymous_20)
FN:392,(anonymous_21)
FN:399,(anonymous_22)
FN:409,(anonymous_23)
FN:410,(anonymous_24)
FN:419,(anonymous_25)
FN:422,(anonymous_26)
FNF:26
FNH:0
FNDA:0,(anonymous_1)
FNDA:0,(anonymous_2)
FNDA:0,(anonymous_3)
FNDA:0,(anonymous_4)
FNDA:0,(anonymous_5)
FNDA:0,(anonymous_6)
FNDA:0,(anonymous_7)
FNDA:0,(anonymous_8)
FNDA:0,(anonymous_9)
FNDA:0,(anonymous_10)
FNDA:0,(anonymous_11)
FNDA:0,(anonymous_12)
FNDA:0,(anonymous_13)
FNDA:0,(anonymous_14)
FNDA:0,(anonymous_15)
FNDA:0,(anonymous_16)
FNDA:0,(anonymous_17)
FNDA:0,(anonymous_18)
FNDA:0,(anonymous_19)
FNDA:0,(anonymous_20)
FNDA:0,(anonymous_21)
FNDA:0,(anonymous_22)
FNDA:0,(anonymous_23)
FNDA:0,(anonymous_24)
FNDA:0,(anonymous_25)
FNDA:0,(anonymous_26)
DA:200,0
DA:201,0
DA:202,0
DA:203,0
DA:213,0
DA:235,0
DA:236,0
DA:244,0
DA:248,0
DA:249,0
DA:250,0
DA:253,0
DA:254,0
DA:255,0
DA:256,0
DA:262,0
DA:265,0
DA:268,0
DA:271,0
DA:272,0
DA:273,0
DA:274,0
DA:276,0
DA:277,0
DA:278,0
DA:283,0
DA:286,0
DA:287,0
DA:291,0
DA:292,0
DA:296,0
DA:302,0
DA:303,0
DA:304,0
DA:305,0
DA:306,0
DA:307,0
DA:309,0
DA:310,0
DA:312,0
DA:314,0
DA:315,0
DA:317,0
DA:322,0
DA:328,0
DA:329,0
DA:330,0
DA:331,0
DA:332,0
DA:333,0
DA:334,0
DA:343,0
DA:348,0
DA:349,0
DA:350,0
DA:351,0
DA:352,0
DA:359,0
DA:368,0
DA:371,0
DA:372,0
DA:373,0
DA:374,0
DA:375,0
DA:383,0
DA:384,0
DA:385,0
DA:386,0
DA:389,0
DA:393,0
DA:396,0
DA:397,0
DA:398,0
DA:399,0
DA:400,0
DA:405,0
DA:406,0
DA:410,0
DA:411,0
DA:420,0
DA:423,0
LF:81
LH:0
BRDA:277,0,0,0
BRDA:277,0,1,0
BRDA:309,1,0,0
BRDA:309,1,1,0
BRDA:329,2,0,0
BRDA:329,2,1,0
BRDA:385,3,0,0
BRDA:385,3,1,0
BRDA:405,4,0,0
BRDA:405,4,1,0
BRF:10
BRH:0
end_of_record
TN:
SF:/Users/zhangzheng/company/test-fe/dcs-fe/DCS-console/src/views/License/Assigns.vue
FN:125,(anonymous_1)
FN:138,(anonymous_2)
FN:142,(anonymous_3)
FN:147,(anonymous_4)
FN:152,(anonymous_5)
FN:167,(anonymous_6)
FN:173,(anonymous_7)
FN:192,(anonymous_8)
FN:193,(anonymous_9)
FN:199,(anonymous_10)
FN:200,(anonymous_11)
FN:209,(anonymous_12)
FN:213,(anonymous_13)
FN:230,(anonymous_14)
FN:234,(anonymous_15)
FN:238,(anonymous_16)
FN:255,(anonymous_17)
FNF:17
FNH:0
FNDA:0,(anonymous_1)
FNDA:0,(anonymous_2)
FNDA:0,(anonymous_3)
FNDA:0,(anonymous_4)
FNDA:0,(anonymous_5)
FNDA:0,(anonymous_6)
FNDA:0,(anonymous_7)
FNDA:0,(anonymous_8)
FNDA:0,(anonymous_9)
FNDA:0,(anonymous_10)
FNDA:0,(anonymous_11)
FNDA:0,(anonymous_12)
FNDA:0,(anonymous_13)
FNDA:0,(anonymous_14)
FNDA:0,(anonymous_15)
FNDA:0,(anonymous_16)
FNDA:0,(anonymous_17)
DA:118,0
DA:119,0
DA:126,0
DA:139,0
DA:143,0
DA:148,0
DA:149,0
DA:153,0
DA:154,0
DA:156,0
DA:157,0
DA:159,0
DA:160,0
DA:162,0
DA:163,0
DA:165,0
DA:167,0
DA:174,0
DA:175,0
DA:176,0
DA:182,0
DA:183,0
DA:184,0
DA:185,0
DA:186,0
DA:188,0
DA:193,0
DA:194,0
DA:196,0
DA:200,0
DA:201,0
DA:202,0
DA:204,0
DA:210,0
DA:220,0
DA:221,0
DA:226,0
DA:235,0
DA:245,0
DA:246,0
DA:251,0
LF:41
LH:0
BRDA:155,0,0,0
BRDA:155,0,1,0
BRDA:155,0,2,0
BRDA:155,0,3,0
BRDA:201,1,0,0
BRDA:201,1,1,0
BRF:6
BRH:0
end_of_record
TN:
SF:/Users/zhangzheng/company/test-fe/dcs-fe/DCS-console/src/views/License/Detail.vue
FN:131,(anonymous_1)
FN:142,(anonymous_2)
FN:146,(anonymous_3)
FN:150,(anonymous_4)
FN:177,(anonymous_5)
FN:179,(anonymous_6)
FN:187,(anonymous_7)
FN:190,(anonymous_8)
FN:199,(anonymous_9)
FN:208,(anonymous_10)
FN:211,(anonymous_11)
FN:214,(anonymous_12)
FN:220,(anonymous_13)
FN:232,(anonymous_14)
FN:235,(anonymous_15)
FN:295,(anonymous_16)
FNF:16
FNH:0
FNDA:0,(anonymous_1)
FNDA:0,(anonymous_2)
FNDA:0,(anonymous_3)
FNDA:0,(anonymous_4)
FNDA:0,(anonymous_5)
FNDA:0,(anonymous_6)
FNDA:0,(anonymous_7)
FNDA:0,(anonymous_8)
FNDA:0,(anonymous_9)
FNDA:0,(anonymous_10)
FNDA:0,(anonymous_11)
FNDA:0,(anonymous_12)
FNDA:0,(anonymous_13)
FNDA:0,(anonymous_14)
FNDA:0,(anonymous_15)
FNDA:0,(anonymous_16)
DA:125,0
DA:126,0
DA:127,0
DA:128,0
DA:129,0
DA:132,0
DA:143,0
DA:147,0
DA:151,0
DA:155,0
DA:156,0
DA:157,0
DA:158,0
DA:159,0
DA:162,0
DA:163,0
DA:167,0
DA:168,0
DA:171,0
DA:172,0
DA:173,0
DA:180,0
DA:182,0
DA:184,0
DA:191,0
DA:192,0
DA:193,0
DA:196,0
DA:200,0
DA:201,0
DA:203,0
DA:209,0
DA:212,0
DA:215,0
DA:221,0
DA:233,0
DA:236,0
DA:296,0
LF:38
LH:0
BRDA:162,0,0,0
BRDA:162,0,1,0
BRDA:172,1,0,0
BRDA:172,1,1,0
BRDA:172,2,0,0
BRDA:172,2,1,0
BRDA:172,2,2,0
BRDA:180,3,0,0
BRDA:180,3,1,0
BRDA:192,4,0,0
BRDA:192,4,1,0
BRDA:199,5,0,0
BRDA:200,6,0,0
BRDA:200,6,1,0
BRDA:203,7,0,0
BRDA:203,7,1,0
BRDA:209,8,0,0
BRDA:209,8,1,0
BRDA:212,9,0,0
BRDA:212,9,1,0
BRDA:215,10,0,0
BRDA:215,10,1,0
BRDA:233,11,0,0
BRDA:233,11,1,0
BRDA:255,12,0,0
BRDA:255,12,1,0
BRF:26
BRH:0
end_of_record
TN:
SF:/Users/zhangzheng/company/test-fe/dcs-fe/DCS-console/src/views/User/List.vue
FN:319,(anonymous_1)
FN:350,(anonymous_2)
FN:357,(anonymous_3)
FN:358,(anonymous_4)
FN:365,(anonymous_5)
FN:367,(anonymous_6)
FN:372,(anonymous_7)
FN:374,(anonymous_8)
FN:379,(anonymous_9)
FN:384,(anonymous_10)
FN:385,(anonymous_11)
FN:392,(anonymous_12)
FN:396,(anonymous_13)
FN:398,(anonymous_14)
FN:403,(anonymous_15)
FN:404,(anonymous_16)
FN:417,(anonymous_17)
FN:434,(anonymous_18)
FN:439,(anonymous_19)
FN:444,(anonymous_20)
FN:449,(anonymous_21)
FN:464,(anonymous_22)
FN:465,(anonymous_23)
FN:485,(anonymous_24)
FN:486,(anonymous_25)
FN:503,(anonymous_26)
FN:525,(anonymous_27)
FN:533,(anonymous_28)
FN:536,(anonymous_29)
FN:539,(anonymous_30)
FN:541,(anonymous_31)
FN:545,(anonymous_32)
FN:548,(anonymous_33)
FNF:33
FNH:0
FNDA:0,(anonymous_1)
FNDA:0,(anonymous_2)
FNDA:0,(anonymous_3)
FNDA:0,(anonymous_4)
FNDA:0,(anonymous_5)
FNDA:0,(anonymous_6)
FNDA:0,(anonymous_7)
FNDA:0,(anonymous_8)
FNDA:0,(anonymous_9)
FNDA:0,(anonymous_10)
FNDA:0,(anonymous_11)
FNDA:0,(anonymous_12)
FNDA:0,(anonymous_13)
FNDA:0,(anonymous_14)
FNDA:0,(anonymous_15)
FNDA:0,(anonymous_16)
FNDA:0,(anonymous_17)
FNDA:0,(anonymous_18)
FNDA:0,(anonymous_19)
FNDA:0,(anonymous_20)
FNDA:0,(anonymous_21)
FNDA:0,(anonymous_22)
FNDA:0,(anonymous_23)
FNDA:0,(anonymous_24)
FNDA:0,(anonymous_25)
FNDA:0,(anonymous_26)
FNDA:0,(anonymous_27)
FNDA:0,(anonymous_28)
FNDA:0,(anonymous_29)
FNDA:0,(anonymous_30)
FNDA:0,(anonymous_31)
FNDA:0,(anonymous_32)
FNDA:0,(anonymous_33)
DA:308,0
DA:309,0
DA:315,0
DA:316,0
DA:317,0
DA:320,0
DA:351,0
DA:352,0
DA:353,0
DA:358,0
DA:360,0
DA:366,0
DA:367,0
DA:368,0
DA:373,0
DA:374,0
DA:375,0
DA:380,0
DA:381,0
DA:385,0
DA:388,0
DA:393,0
DA:397,0
DA:398,0
DA:399,0
DA:404,0
DA:405,0
DA:406,0
DA:407,0
DA:408,0
DA:409,0
DA:411,0
DA:412,0
DA:418,0
DA:424,0
DA:425,0
DA:426,0
DA:427,0
DA:428,0
DA:430,0
DA:435,0
DA:436,0
DA:440,0
DA:441,0
DA:445,0
DA:446,0
DA:450,0
DA:451,0
DA:452,0
DA:456,0
DA:457,0
DA:458,0
DA:465,0
DA:466,0
DA:467,0
DA:468,0
DA:474,0
DA:475,0
DA:476,0
DA:477,0
DA:486,0
DA:487,0
DA:488,0
DA:489,0
DA:493,0
DA:494,0
DA:495,0
DA:504,0
DA:510,0
DA:511,0
DA:512,0
DA:513,0
DA:514,0
DA:515,0
DA:517,0
DA:518,0
DA:520,0
DA:521,0
DA:526,0
DA:527,0
DA:528,0
DA:529,0
DA:534,0
DA:537,0
DA:540,0
DA:541,0
DA:542,0
DA:546,0
DA:547,0
DA:548,0
DA:549,0
LF:91
LH:0
BRDA:358,0,0,0
BRDA:358,0,1,0
BRDA:366,1,0,0
BRDA:366,1,1,0
BRDA:373,2,0,0
BRDA:373,2,1,0
BRDA:385,3,0,0
BRDA:385,3,1,0
BRDA:405,4,0,0
BRDA:405,4,1,0
BRDA:406,5,0,0
BRDA:406,5,1,0
BRDA:408,6,0,0
BRDA:408,6,1,0
BRDA:466,7,0,0
BRDA:466,7,1,0
BRDA:471,8,0,0
BRDA:471,8,1,0
BRDA:487,9,0,0
BRDA:487,9,1,0
BRDA:514,10,0,0
BRDA:514,10,1,0
BRDA:517,11,0,0
BRDA:517,11,1,0
BRDA:520,12,0,0
BRDA:520,12,1,0
BRDA:540,13,0,0
BRDA:540,13,1,0
BRDA:547,14,0,0
BRDA:547,14,1,0
BRF:30
BRH:0
end_of_record
